INFO 2024-01-13 21:45:05,936 autoreload 26456 18904 Watching for file changes with StatReloader
DEBUG 2024-01-13 21:45:08,593 views 26456 25696 Index page requested
INFO 2024-01-13 21:45:08,594 basehttp 26456 25696 "GET / HTTP/1.1" 200 278
DEBUG 2024-01-13 21:45:15,394 views 26456 25696 About page requested
INFO 2024-01-13 21:45:15,395 basehttp 26456 25696 "GET /about/ HTTP/1.1" 200 254
INFO 2024-01-18 11:44:24,234 autoreload 32832 34008 Watching for file changes with StatReloader
WARNING 2024-01-18 11:44:29,129 log 32832 28712 Not Found: /
WARNING 2024-01-18 11:44:29,129 basehttp 32832 28712 "GET / HTTP/1.1" 404 2269
WARNING 2024-01-18 11:44:29,437 log 32832 28712 Not Found: /favicon.ico
WARNING 2024-01-18 11:44:29,438 basehttp 32832 28712 "GET /favicon.ico HTTP/1.1" 404 2320
WARNING 2024-01-18 11:44:34,629 basehttp 32832 28712 "GET /about HTTP/1.1" 404 2302
INFO 2024-01-18 11:44:36,593 basehttp 32832 28712 "GET /hw2 HTTP/1.1" 301 0
INFO 2024-01-18 11:44:36,598 basehttp 32832 29220 "GET /hw2/ HTTP/1.1" 200 13
INFO 2024-01-18 11:44:43,330 basehttp 32832 29220 "GET /hw2/items HTTP/1.1" 301 0
INFO 2024-01-22 22:22:12,147 basehttp 26716 5956 "GET / HTTP/1.1" 200 13
WARNING 2024-01-22 22:22:12,549 log 26716 5956 Not Found: /favicon.ico
WARNING 2024-01-22 22:22:12,550 basehttp 26716 5956 "GET /favicon.ico HTTP/1.1" 404 2900
WARNING 2024-01-22 22:22:17,059 basehttp 26716 5956 "GET /about HTTP/1.1" 404 2882
INFO 2024-01-22 22:22:24,223 basehttp 26716 5956 "GET /basket/2 HTTP/1.1" 301 0
INFO 2024-01-23 01:32:07,807 autoreload 25308 13860 Watching for file changes with StatReloader
INFO 2024-01-23 01:32:12,470 basehttp 25308 28232 "GET / HTTP/1.1" 200 13
INFO 2024-01-23 01:32:18,548 basehttp 25308 28232 "GET /basket/1 HTTP/1.1" 301 0
INFO 2024-01-23 01:32:18,557 basehttp 25308 22208 "GET /basket/1/ HTTP/1.1" 200 346
INFO 2024-01-23 01:45:21,634 autoreload 23696 16020 Watching for file changes with StatReloader
INFO 2024-01-23 01:45:24,805 basehttp 23696 32940 "GET / HTTP/1.1" 200 13
INFO 2024-01-23 01:45:29,434 basehttp 23696 32940 "GET /basket/1/ HTTP/1.1" 200 751
INFO 2024-01-23 01:45:31,599 basehttp 23696 32940 "GET /basket/1/ HTTP/1.1" 200 751
INFO 2024-01-23 01:45:32,123 basehttp 23696 32940 "GET /basket/2/ HTTP/1.1" 200 2216
INFO 2024-01-23 01:45:38,208 basehttp 23696 32940 "GET /basket/3/ HTTP/1.1" 200 889
INFO 2024-01-23 01:46:06,199 basehttp 23696 32940 "GET /basket/3/ HTTP/1.1" 200 573
INFO 2024-01-23 01:46:16,492 basehttp 23696 32940 "GET /basket/3/ HTTP/1.1" 200 573
INFO 2024-01-23 01:46:19,031 basehttp 23696 32940 "GET /basket/3/ HTTP/1.1" 200 573
INFO 2024-01-23 01:46:38,015 basehttp 23696 32940 "GET /basket/3/ HTTP/1.1" 200 613
INFO 2024-01-23 01:46:49,438 basehttp 23696 32940 "GET /basket/4/ HTTP/1.1" 200 1287
INFO 2024-01-23 01:46:53,105 basehttp 23696 32940 "GET /basket/5/ HTTP/1.1" 200 599
INFO 2024-01-23 01:46:55,671 basehttp 23696 32940 "GET /basket/6/ HTTP/1.1" 200 1024
INFO 2024-01-24 22:49:28,621 autoreload 19536 27728 Watching for file changes with StatReloader
INFO 2024-01-24 22:49:32,113 basehttp 19536 3668 "GET / HTTP/1.1" 200 13
WARNING 2024-01-24 22:49:32,478 log 19536 3668 Not Found: /favicon.ico
WARNING 2024-01-24 22:49:32,478 basehttp 19536 3668 "GET /favicon.ico HTTP/1.1" 404 2900
INFO 2024-01-24 22:49:35,980 basehttp 19536 3668 "GET /basket/1 HTTP/1.1" 301 0
INFO 2024-01-26 10:08:18,922 basehttp 16956 26148 "GET /add_image HTTP/1.1" 200 2363
INFO 2024-01-26 10:08:21,576 basehttp 16956 26148 "GET /admin HTTP/1.1" 301 0
INFO 2024-01-26 10:08:21,599 basehttp 16956 22604 "GET /admin/ HTTP/1.1" 302 0
INFO 2024-01-26 10:08:21,797 basehttp 16956 22604 "GET /admin/login/?next=/admin/ HTTP/1.1" 200 4356
INFO 2024-01-26 10:08:22,195 basehttp 16956 24468 "GET /static/admin/css/login.css HTTP/1.1" 200 958
INFO 2024-01-26 10:08:22,214 basehttp 16956 24468 "GET /static/admin/js/nav_sidebar.js HTTP/1.1" 200 3063
INFO 2024-01-26 10:08:22,294 basehttp 16956 22604 "GET /static/admin/css/base.css HTTP/1.1" 200 21544
INFO 2024-01-26 10:08:22,316 basehttp 16956 30616 "GET /static/admin/css/dark_mode.css HTTP/1.1" 200 2682
INFO 2024-01-26 10:08:22,385 basehttp 16956 33192 "GET /static/admin/css/nav_sidebar.css HTTP/1.1" 200 2810
INFO 2024-01-26 10:08:22,449 basehttp 16956 15236 "GET /static/admin/css/responsive.css HTTP/1.1" 200 17905
INFO 2024-01-26 10:08:22,533 basehttp 16956 23272 "GET /static/admin/js/theme.js HTTP/1.1" 200 1943
INFO 2024-01-26 10:08:27,019 basehttp 16956 23272 "POST /admin/login/?next=/admin/ HTTP/1.1" 302 0
INFO 2024-01-26 10:08:27,054 basehttp 16956 23272 "GET /admin/ HTTP/1.1" 200 5941
INFO 2024-01-26 10:08:27,082 basehttp 16956 23272 "GET /static/admin/css/dashboard.css HTTP/1.1" 200 441
INFO 2024-01-26 10:08:27,166 basehttp 16956 23272 "GET /static/admin/img/icon-addlink.svg HTTP/1.1" 200 331
INFO 2024-01-26 10:08:27,166 basehttp 16956 15236 "GET /static/admin/img/icon-changelink.svg HTTP/1.1" 200 380
INFO 2024-01-26 10:08:47,664 basehttp 16956 15236 "GET /admin/auth/user/ HTTP/1.1" 200 11898
INFO 2024-01-26 10:08:47,718 basehttp 16956 15236 "GET /static/admin/css/changelists.css HTTP/1.1" 200 6811
INFO 2024-01-26 10:08:47,723 basehttp 16956 30616 "GET /static/admin/js/jquery.init.js HTTP/1.1" 200 347
INFO 2024-01-26 10:08:47,731 basehttp 16956 24468 "GET /static/admin/js/admin/RelatedObjectLookups.js HTTP/1.1" 200 9042
INFO 2024-01-26 10:08:47,731 basehttp 16956 22604 "GET /static/admin/js/core.js HTTP/1.1" 200 6208
INFO 2024-01-26 10:08:47,746 basehttp 16956 23272 "GET /admin/jsi18n/ HTTP/1.1" 200 17546
INFO 2024-01-26 10:08:47,749 basehttp 16956 15236 "GET /static/admin/js/actions.js HTTP/1.1" 200 8067
INFO 2024-01-26 10:08:47,751 basehttp 16956 30616 "GET /static/admin/js/urlify.js HTTP/1.1" 200 7887
INFO 2024-01-26 10:08:47,763 basehttp 16956 24468 "GET /static/admin/js/prepopulate.js HTTP/1.1" 200 1531
INFO 2024-01-26 10:08:47,764 basehttp 16956 15236 "GET /static/admin/img/search.svg HTTP/1.1" 200 458
INFO 2024-01-26 10:08:47,764 basehttp 16956 23272 "GET /static/admin/img/icon-yes.svg HTTP/1.1" 200 436
INFO 2024-01-26 10:08:47,789 basehttp 16956 33192 "GET /static/admin/js/vendor/jquery/jquery.js HTTP/1.1" 200 285314
INFO 2024-01-26 10:08:47,845 basehttp 16956 33192 "GET /static/admin/js/filters.js HTTP/1.1" 200 978
INFO 2024-01-26 10:08:47,870 basehttp 16956 22604 "GET /static/admin/js/vendor/xregexp/xregexp.js HTTP/1.1" 200 325171
INFO 2024-01-26 10:08:47,904 basehttp 16956 22604 "GET /static/admin/img/tooltag-add.svg HTTP/1.1" 200 331
INFO 2024-01-26 10:08:47,905 basehttp 16956 23272 "GET /static/admin/img/icon-viewlink.svg HTTP/1.1" 200 581
INFO 2024-01-26 10:08:47,905 basehttp 16956 33192 "GET /static/admin/img/sorting-icons.svg HTTP/1.1" 200 1097
INFO 2024-01-26 10:08:52,427 basehttp 16956 33192 "GET /admin/auth/group/ HTTP/1.1" 200 7780
INFO 2024-01-26 10:08:52,461 basehttp 16956 33192 "GET /admin/jsi18n/ HTTP/1.1" 200 17546
INFO 2024-01-26 10:08:58,721 basehttp 16956 33192 "GET /admin/auth/group/ HTTP/1.1" 200 7780
INFO 2024-01-26 10:08:59,096 basehttp 16956 33192 "GET /admin/jsi18n/ HTTP/1.1" 200 17546
INFO 2024-01-26 10:09:00,072 basehttp 16956 33192 "GET /admin/ HTTP/1.1" 200 5941
INFO 2024-01-27 09:33:23,070 autoreload 21380 18460 Watching for file changes with StatReloader
INFO 2024-01-27 09:34:16,886 autoreload 34748 32896 Watching for file changes with StatReloader
INFO 2024-01-27 09:34:21,627 basehttp 34748 23680 "GET /admin/ HTTP/1.1" 200 7470
INFO 2024-01-27 09:34:21,884 basehttp 34748 13220 "GET /static/admin/css/dark_mode.css HTTP/1.1" 200 2682
INFO 2024-01-27 09:34:21,905 basehttp 34748 13220 "GET /static/admin/js/nav_sidebar.js HTTP/1.1" 200 3063
INFO 2024-01-27 09:34:21,944 basehttp 34748 23680 "GET /static/admin/css/base.css HTTP/1.1" 200 21544
INFO 2024-01-27 09:34:21,996 basehttp 34748 10604 "GET /static/admin/css/nav_sidebar.css HTTP/1.1" 200 2810
INFO 2024-01-27 09:34:22,068 basehttp 34748 30764 "GET /static/admin/css/responsive.css HTTP/1.1" 200 17905
INFO 2024-01-27 09:34:22,086 basehttp 34748 20400 "GET /static/admin/css/dashboard.css HTTP/1.1" 200 441
INFO 2024-01-27 09:34:22,101 basehttp 34748 30764 "GET /static/admin/img/icon-changelink.svg HTTP/1.1" 200 380
INFO 2024-01-27 09:34:22,101 basehttp 34748 20400 "GET /static/admin/img/icon-addlink.svg HTTP/1.1" 200 331
INFO 2024-01-27 09:34:22,205 basehttp 34748 32208 "GET /static/admin/js/theme.js HTTP/1.1" 200 1943
INFO 2024-01-27 09:34:38,377 autoreload 30488 2184 Watching for file changes with StatReloader
INFO 2024-01-27 09:34:41,995 basehttp 30488 10844 "GET /admin/hw5/client/ HTTP/1.1" 200 14625
INFO 2024-01-27 09:34:42,066 basehttp 30488 23652 "GET /admin/jsi18n/ HTTP/1.1" 200 17546
INFO 2024-01-27 09:34:42,288 basehttp 30488 10844 "GET /static/admin/css/changelists.css HTTP/1.1" 200 6811
INFO 2024-01-27 09:34:42,308 basehttp 30488 10844 "GET /static/admin/js/urlify.js HTTP/1.1" 200 7887
INFO 2024-01-27 09:34:42,323 basehttp 30488 10844 "GET /static/admin/js/prepopulate.js HTTP/1.1" 200 1531
INFO 2024-01-27 09:34:42,362 basehttp 30488 19844 "GET /static/admin/js/admin/RelatedObjectLookups.js HTTP/1.1" 200 9042
INFO 2024-01-27 09:34:42,398 basehttp 30488 33576 "GET /static/admin/js/jquery.init.js HTTP/1.1" 200 347
INFO 2024-01-27 09:34:42,427 basehttp 30488 10844 "GET /static/admin/js/vendor/xregexp/xregexp.js HTTP/1.1" 200 325171
INFO 2024-01-27 09:34:42,468 basehttp 30488 3528 "GET /static/admin/js/core.js HTTP/1.1" 200 6208
INFO 2024-01-27 09:34:42,521 basehttp 30488 16152 "GET /static/admin/js/vendor/jquery/jquery.js HTTP/1.1" 200 285314
INFO 2024-01-27 09:34:42,530 basehttp 30488 23652 "GET /static/admin/js/actions.js HTTP/1.1" 200 8067
INFO 2024-01-27 09:34:42,545 basehttp 30488 16152 "GET /static/admin/js/filters.js HTTP/1.1" 200 978
INFO 2024-01-27 09:34:42,574 basehttp 30488 16152 "GET /static/admin/img/tooltag-add.svg HTTP/1.1" 200 331
INFO 2024-01-27 09:34:47,513 basehttp 30488 16152 "GET /admin/hw5/client/10/change/ HTTP/1.1" 200 11823
INFO 2024-01-27 09:34:47,544 basehttp 30488 3528 "GET /admin/jsi18n/ HTTP/1.1" 200 17546
INFO 2024-01-27 09:34:47,549 basehttp 30488 16152 "GET /static/admin/css/forms.css HTTP/1.1" 200 9090
INFO 2024-01-27 09:34:47,552 basehttp 30488 23652 "GET /static/admin/js/prepopulate_init.js HTTP/1.1" 200 586
INFO 2024-01-27 09:36:23,593 basehttp 8080 28268 "GET /admin/jsi18n/ HTTP/1.1" 200 17546
INFO 2024-01-27 09:36:44,079 autoreload 8080 19564 C:\Users\vfyod\Desktop\gbr\django\homework\hw5\admin.py changed, reloading.
INFO 2024-01-27 09:36:44,766 autoreload 16908 23936 Watching for file changes with StatReloader
INFO 2024-01-27 09:36:46,494 autoreload 16908 23936 C:\Users\vfyod\Desktop\gbr\django\homework\hw5\admin.py changed, reloading.
INFO 2024-01-27 09:36:47,141 autoreload 21608 21148 Watching for file changes with StatReloader
INFO 2024-01-27 09:36:50,825 basehttp 21608 7280 "GET /admin/hw5/client/ HTTP/1.1" 200 14625
INFO 2024-01-27 09:36:50,851 basehttp 21608 7280 "GET /admin/jsi18n/ HTTP/1.1" 200 17546
INFO 2024-01-27 09:36:52,782 basehttp 21608 7280 "GET /admin/hw5/order/ HTTP/1.1" 200 55938
INFO 2024-01-27 09:36:52,805 basehttp 21608 7280 "GET /admin/jsi18n/ HTTP/1.1" 200 17546
INFO 2024-01-27 09:36:53,407 basehttp 21608 7280 "GET /admin/hw5/client/ HTTP/1.1" 200 14625
INFO 2024-01-27 09:36:53,434 basehttp 21608 7280 "GET /admin/jsi18n/ HTTP/1.1" 200 17546
INFO 2024-01-27 09:36:54,115 basehttp 21608 7280 "GET /admin/hw5/product/ HTTP/1.1" 200 17374
INFO 2024-01-27 09:36:54,140 basehttp 21608 7280 "GET /admin/jsi18n/ HTTP/1.1" 200 17546
INFO 2024-01-27 09:36:55,503 basehttp 21608 7280 "GET /admin/hw5/product/20/change/ HTTP/1.1" 200 12235
INFO 2024-01-27 09:37:59,174 basehttp 30728 26452 "GET /admin/hw5/product/ HTTP/1.1" 200 17374
INFO 2024-01-27 09:37:59,200 basehttp 30728 26452 "GET /admin/jsi18n/ HTTP/1.1" 200 17546
INFO 2024-01-27 09:38:00,469 basehttp 30728 26452 "GET /admin/hw5/product/ HTTP/1.1" 200 17374
INFO 2024-01-27 09:38:00,502 basehttp 30728 28100 "GET /admin/jsi18n/ HTTP/1.1" 200 17546
INFO 2024-01-27 09:38:00,744 basehttp 30728 25748 "GET /static/admin/css/dark_mode.css HTTP/1.1" 200 2682
INFO 2024-01-27 09:38:00,746 basehttp 30728 25748 "GET /static/admin/js/jquery.init.js HTTP/1.1" 200 347
INFO 2024-01-27 09:38:00,749 basehttp 30728 25748 "GET /static/admin/js/core.js HTTP/1.1" 200 6208
INFO 2024-01-27 09:38:00,751 basehttp 30728 25748 "GET /static/admin/js/admin/RelatedObjectLookups.js HTTP/1.1" 200 9042
INFO 2024-01-27 09:38:00,754 basehttp 30728 25748 "GET /static/admin/js/actions.js HTTP/1.1" 200 8067
INFO 2024-01-27 09:38:00,757 basehttp 30728 25748 "GET /static/admin/js/urlify.js HTTP/1.1" 200 7887
INFO 2024-01-27 09:38:00,760 basehttp 30728 25748 "GET /static/admin/js/prepopulate.js HTTP/1.1" 200 1531
INFO 2024-01-27 09:38:00,765 basehttp 30728 25748 "GET /static/admin/js/vendor/xregexp/xregexp.js HTTP/1.1" 200 325171
INFO 2024-01-27 09:38:00,782 basehttp 30728 2624 "GET /static/admin/css/changelists.css HTTP/1.1" 200 6811
INFO 2024-01-27 09:38:00,836 basehttp 30728 26452 "GET /static/admin/css/base.css HTTP/1.1" 200 21544
INFO 2024-01-27 09:38:00,867 basehttp 30728 14156 "GET /static/admin/css/nav_sidebar.css HTTP/1.1" 200 2810
INFO 2024-01-27 09:38:00,909 basehttp 30728 27580 "GET /static/admin/css/responsive.css HTTP/1.1" 200 17905
INFO 2024-01-27 09:38:00,913 basehttp 30728 27580 "GET /static/admin/js/theme.js HTTP/1.1" 200 1943
INFO 2024-01-27 09:38:00,917 basehttp 30728 27580 "GET /static/admin/js/nav_sidebar.js HTTP/1.1" 200 3063
INFO 2024-01-27 09:38:00,921 basehttp 30728 27580 "GET /static/admin/js/filters.js HTTP/1.1" 200 978
INFO 2024-01-27 09:38:00,945 basehttp 30728 28100 "GET /static/admin/js/vendor/jquery/jquery.js HTTP/1.1" 200 285314
INFO 2024-01-27 09:38:00,962 basehttp 30728 27580 "GET /static/admin/img/tooltag-add.svg HTTP/1.1" 200 331
INFO 2024-01-27 09:38:00,962 basehttp 30728 28100 "GET /static/admin/img/icon-addlink.svg HTTP/1.1" 200 331
WARNING 2024-01-27 09:38:01,100 log 30728 28100 Not Found: /favicon.ico
WARNING 2024-01-27 09:38:01,100 basehttp 30728 28100 "GET /favicon.ico HTTP/1.1" 404 3248
INFO 2024-01-27 09:38:02,667 basehttp 30728 28100 "POST /admin/logout/ HTTP/1.1" 200 3814
INFO 2024-01-27 09:38:04,388 basehttp 30728 28100 "GET /admin/ HTTP/1.1" 302 0
INFO 2024-01-27 09:38:04,425 basehttp 30728 28100 "GET /admin/login/?next=/admin/ HTTP/1.1" 200 4356
INFO 2024-01-27 09:38:04,456 basehttp 30728 28100 "GET /static/admin/css/login.css HTTP/1.1" 200 958
INFO 2024-01-27 09:38:06,559 basehttp 30728 28100 "POST /admin/login/?next=/admin/ HTTP/1.1" 302 0
INFO 2024-01-27 09:38:06,577 basehttp 30728 28100 "GET /admin/ HTTP/1.1" 200 7470
INFO 2024-01-27 09:38:08,448 basehttp 30728 28100 "GET /admin/hw5/product/ HTTP/1.1" 200 17374
INFO 2024-01-27 09:38:08,474 basehttp 30728 28100 "GET /admin/jsi18n/ HTTP/1.1" 200 17546
INFO 2024-01-27 09:38:15,413 basehttp 30728 28100 "GET /admin/hw5/product/20/change/ HTTP/1.1" 200 12235
INFO 2024-01-27 09:38:15,437 basehttp 30728 28100 "GET /admin/jsi18n/ HTTP/1.1" 200 17546
INFO 2024-01-27 09:38:17,373 basehttp 30728 28100 "GET /admin/hw5/product/ HTTP/1.1" 200 17374
INFO 2024-01-27 09:38:21,615 basehttp 30728 28100 "GET /admin/hw5/product/ HTTP/1.1" 200 17374
INFO 2024-01-27 09:38:21,635 basehttp 30728 28100 "GET /admin/jsi18n/ HTTP/1.1" 200 17546
INFO 2024-01-27 09:38:34,794 basehttp 30728 28100 "GET /admin/hw5/product/20/change/ HTTP/1.1" 200 12235
INFO 2024-01-27 09:38:34,822 basehttp 30728 28100 "GET /admin/jsi18n/ HTTP/1.1" 200 17546
INFO 2024-01-27 09:38:39,007 basehttp 30728 28100 "GET /admin/hw5/product/ HTTP/1.1" 200 17374
INFO 2024-01-27 09:38:52,905 autoreload 30728 34240 C:\Users\vfyod\Desktop\gbr\django\homework\hw5\admin.py changed, reloading.
INFO 2024-01-27 09:38:53,608 autoreload 15660 5728 Watching for file changes with StatReloader
INFO 2024-01-27 09:39:18,419 autoreload 15660 5728 C:\Users\vfyod\Desktop\gbr\django\homework\hw5\admin.py changed, reloading.
INFO 2024-01-27 09:39:19,099 autoreload 32232 19164 Watching for file changes with StatReloader
INFO 2024-01-27 09:39:19,350 basehttp 32232 1044 "GET /admin/hw5/product/ HTTP/1.1" 200 19320
INFO 2024-01-27 09:39:19,393 basehttp 32232 1044 "GET /admin/jsi18n/ HTTP/1.1" 200 17546
INFO 2024-01-27 09:39:19,761 basehttp 32232 1044 "GET /static/admin/img/sorting-icons.svg HTTP/1.1" 200 1097
INFO 2024-01-27 09:39:22,668 basehttp 32232 1044 "GET /admin/hw5/product/?o=3.1 HTTP/1.1" 200 20390
INFO 2024-01-27 09:39:22,699 basehttp 32232 1044 "GET /admin/jsi18n/ HTTP/1.1" 200 17546
INFO 2024-01-27 09:39:23,420 basehttp 32232 1044 "GET /admin/hw5/product/?o=-3.1 HTTP/1.1" 200 20415
INFO 2024-01-27 09:39:23,445 basehttp 32232 1044 "GET /admin/jsi18n/ HTTP/1.1" 200 17546
INFO 2024-01-27 09:39:24,602 basehttp 32232 1044 "GET /admin/hw5/product/?o=2.-3.1 HTTP/1.1" 200 20864
INFO 2024-01-27 09:39:24,654 basehttp 32232 1044 "GET /admin/jsi18n/ HTTP/1.1" 200 17546
INFO 2024-01-27 09:39:25,077 basehttp 32232 1044 "GET /admin/hw5/product/?o=-2.-3.1 HTTP/1.1" 200 20891
INFO 2024-01-27 09:39:25,108 basehttp 32232 1044 "GET /admin/jsi18n/ HTTP/1.1" 200 17546
INFO 2024-01-27 09:39:25,635 basehttp 32232 1044 "GET /admin/hw5/product/?o=-1.-2.-3 HTTP/1.1" 200 20918
INFO 2024-01-27 09:39:25,657 basehttp 32232 1044 "GET /admin/jsi18n/ HTTP/1.1" 200 17546
INFO 2024-01-27 09:39:26,172 basehttp 32232 1044 "GET /admin/hw5/product/?o=1.-2.-3 HTTP/1.1" 200 20891
INFO 2024-01-27 09:39:26,204 basehttp 32232 1044 "GET /admin/jsi18n/ HTTP/1.1" 200 17546
INFO 2024-01-27 09:39:30,410 autoreload 32232 19164 C:\Users\vfyod\Desktop\gbr\django\homework\hw5\admin.py changed, reloading.
INFO 2024-01-27 09:39:31,070 autoreload 13304 9412 Watching for file changes with StatReloader
INFO 2024-01-27 09:39:32,743 autoreload 13304 9412 C:\Users\vfyod\Desktop\gbr\django\homework\hw5\admin.py changed, reloading.
INFO 2024-01-27 09:39:33,425 autoreload 24068 24900 Watching for file changes with StatReloader
INFO 2024-01-27 09:39:40,375 autoreload 24068 24900 C:\Users\vfyod\Desktop\gbr\django\homework\hw5\admin.py changed, reloading.
INFO 2024-01-27 09:39:41,059 autoreload 12596 16124 Watching for file changes with StatReloader
INFO 2024-01-27 09:39:41,269 basehttp 12596 21096 "GET /admin/hw5/product/?o=1.-2.-3 HTTP/1.1" 200 20296
INFO 2024-01-27 09:39:41,299 basehttp 12596 21096 "GET /admin/jsi18n/ HTTP/1.1" 200 17546
INFO 2024-01-27 09:39:45,829 basehttp 12596 21096 "GET /admin/hw5/product/?o=2.1.-3 HTTP/1.1" 200 20269
INFO 2024-01-27 09:39:45,853 basehttp 12596 21096 "GET /admin/jsi18n/ HTTP/1.1" 200 17546
INFO 2024-01-27 09:39:46,388 basehttp 12596 21096 "GET /admin/hw5/product/?o=-2.1.-3 HTTP/1.1" 200 20296
INFO 2024-01-27 09:39:46,417 basehttp 12596 21096 "GET /admin/jsi18n/ HTTP/1.1" 200 17546
INFO 2024-01-27 09:39:47,254 basehttp 12596 21096 "GET /admin/hw5/product/?o=-1.-2.-3 HTTP/1.1" 200 20323
INFO 2024-01-27 09:39:47,282 basehttp 12596 21096 "GET /admin/jsi18n/ HTTP/1.1" 200 17546
INFO 2024-01-27 09:39:48,540 basehttp 12596 21096 "GET /admin/hw5/product/?o=1.-2.-3 HTTP/1.1" 200 20296
INFO 2024-01-27 09:39:48,564 basehttp 12596 21096 "GET /admin/jsi18n/ HTTP/1.1" 200 17546
INFO 2024-01-27 09:39:48,973 basehttp 12596 21096 "GET /admin/hw5/product/?o=-1.-2.-3 HTTP/1.1" 200 20323
INFO 2024-01-27 09:39:48,999 basehttp 12596 21096 "GET /admin/jsi18n/ HTTP/1.1" 200 17546
INFO 2024-01-27 09:39:49,925 basehttp 12596 21096 "GET /admin/hw5/product/9/change/?_changelist_filters=o%3D-1.-2.-3 HTTP/1.1" 200 12341
INFO 2024-01-27 09:39:49,957 basehttp 12596 21096 "GET /admin/jsi18n/ HTTP/1.1" 200 17546
INFO 2024-01-27 09:39:52,652 basehttp 12596 21096 "GET /admin/hw5/product/?o=-1.-2.-3 HTTP/1.1" 200 20323
INFO 2024-01-27 09:39:54,989 basehttp 12596 21096 "GET /admin/hw5/product/?o=-1.-2.3 HTTP/1.1" 200 20296
INFO 2024-01-27 09:39:55,016 basehttp 12596 21096 "GET /admin/jsi18n/ HTTP/1.1" 200 17546
INFO 2024-01-27 09:39:55,604 basehttp 12596 21096 "GET /admin/hw5/product/?o=-1.-2.-3 HTTP/1.1" 200 20323
INFO 2024-01-27 09:39:55,631 basehttp 12596 21096 "GET /admin/jsi18n/ HTTP/1.1" 200 17546
INFO 2024-01-27 09:39:57,532 basehttp 12596 21096 "GET /admin/hw5/product/?o=3.-1.-2 HTTP/1.1" 200 20296
INFO 2024-01-27 09:39:57,557 basehttp 12596 21096 "GET /admin/jsi18n/ HTTP/1.1" 200 17546
INFO 2024-01-27 09:39:58,588 basehttp 12596 21096 "GET /admin/hw5/product/?o=-1.-2 HTTP/1.1" 200 19845
INFO 2024-01-27 09:39:58,611 basehttp 12596 21096 "GET /admin/jsi18n/ HTTP/1.1" 200 17546
INFO 2024-01-27 09:40:02,651 basehttp 12596 21096 "GET /admin/hw5/product/?o=1.-2 HTTP/1.1" 200 19820
INFO 2024-01-27 09:40:02,676 basehttp 12596 21096 "GET /admin/jsi18n/ HTTP/1.1" 200 17546
INFO 2024-01-27 09:40:03,364 basehttp 12596 21096 "GET /admin/hw5/product/?o=-1.-2 HTTP/1.1" 200 19845
INFO 2024-01-27 09:40:03,390 basehttp 12596 21096 "GET /admin/jsi18n/ HTTP/1.1" 200 17546
INFO 2024-01-27 09:40:04,020 basehttp 12596 21096 "GET /admin/hw5/product/?o=1.-2 HTTP/1.1" 200 19820
INFO 2024-01-27 09:40:04,043 basehttp 12596 21096 "GET /admin/jsi18n/ HTTP/1.1" 200 17546
INFO 2024-01-27 09:40:06,299 basehttp 12596 21096 "GET /admin/hw5/product/?o=2.1 HTTP/1.1" 200 19795
INFO 2024-01-27 09:40:06,337 basehttp 12596 21096 "GET /admin/jsi18n/ HTTP/1.1" 200 17546
INFO 2024-01-27 09:40:07,470 basehttp 12596 21096 "GET /admin/hw5/product/?o=-2.1 HTTP/1.1" 200 19820
INFO 2024-01-27 09:40:07,498 basehttp 12596 21096 "GET /admin/jsi18n/ HTTP/1.1" 200 17546
INFO 2024-01-27 09:40:08,315 basehttp 12596 21096 "GET /admin/hw5/product/?o=2.1 HTTP/1.1" 200 19795
INFO 2024-01-27 09:40:08,345 basehttp 12596 21096 "GET /admin/jsi18n/ HTTP/1.1" 200 17546
INFO 2024-01-27 09:40:09,021 basehttp 12596 21096 "GET /admin/hw5/product/?o=-2.1 HTTP/1.1" 200 19820
INFO 2024-01-27 09:40:09,051 basehttp 12596 21096 "GET /admin/jsi18n/ HTTP/1.1" 200 17546
INFO 2024-01-27 09:40:10,234 basehttp 12596 21096 "GET /admin/hw5/product/?o=3.-2.1 HTTP/1.1" 200 20269
INFO 2024-01-27 09:40:10,269 basehttp 12596 21096 "GET /admin/jsi18n/ HTTP/1.1" 200 17546
INFO 2024-01-27 09:40:11,775 basehttp 12596 21096 "GET /admin/hw5/product/?o=-3.-2.1 HTTP/1.1" 200 20296
INFO 2024-01-27 09:40:11,800 basehttp 12596 21096 "GET /admin/jsi18n/ HTTP/1.1" 200 17546
INFO 2024-01-27 09:40:27,308 basehttp 12596 21096 "GET /admin/hw5/product/?o=3.-2.1 HTTP/1.1" 200 20269
INFO 2024-01-27 09:40:27,346 basehttp 12596 21096 "GET /admin/jsi18n/ HTTP/1.1" 200 17546
INFO 2024-01-27 09:40:30,283 basehttp 12596 21096 "GET /admin/hw5/product/?o=-1.3.-2 HTTP/1.1" 200 20296
INFO 2024-01-27 09:40:30,311 basehttp 12596 21096 "GET /admin/jsi18n/ HTTP/1.1" 200 17546
INFO 2024-01-27 09:40:32,072 basehttp 12596 21096 "GET /admin/hw5/order/ HTTP/1.1" 200 55938
INFO 2024-01-27 09:40:32,098 basehttp 12596 21096 "GET /admin/jsi18n/ HTTP/1.1" 200 17546
INFO 2024-01-27 09:40:32,594 basehttp 12596 21096 "GET /admin/hw5/product/ HTTP/1.1" 200 19211
INFO 2024-01-27 09:40:32,618 basehttp 12596 21096 "GET /admin/jsi18n/ HTTP/1.1" 200 17546
INFO 2024-01-27 09:41:44,092 autoreload 12596 16124 C:\Users\vfyod\Desktop\gbr\django\homework\hw5\admin.py changed, reloading.
INFO 2024-01-27 09:41:44,800 autoreload 28088 26000 Watching for file changes with StatReloader
INFO 2024-01-27 09:41:46,437 autoreload 28088 26000 C:\Users\vfyod\Desktop\gbr\django\homework\hw5\admin.py changed, reloading.
INFO 2024-01-27 09:41:47,104 autoreload 10056 31624 Watching for file changes with StatReloader
INFO 2024-01-27 09:42:16,120 autoreload 10056 31624 C:\Users\vfyod\Desktop\gbr\django\homework\hw5\admin.py changed, reloading.
INFO 2024-01-27 09:42:16,775 autoreload 26036 14872 Watching for file changes with StatReloader
INFO 2024-01-27 09:42:19,451 autoreload 26036 14872 C:\Users\vfyod\Desktop\gbr\django\homework\hw5\admin.py changed, reloading.
INFO 2024-01-27 09:42:20,083 autoreload 6592 12704 Watching for file changes with StatReloader
INFO 2024-01-27 09:42:23,056 basehttp 6592 32408 "GET /admin/hw5/product/ HTTP/1.1" 200 22309
INFO 2024-01-27 09:42:23,100 basehttp 6592 13532 "GET /admin/jsi18n/ HTTP/1.1" 200 17546
INFO 2024-01-27 09:42:23,323 basehttp 6592 16352 "GET /static/admin/css/nav_sidebar.css HTTP/1.1" 200 2810
INFO 2024-01-27 09:42:23,326 basehttp 6592 16352 "GET /static/admin/js/jquery.init.js HTTP/1.1" 200 347
INFO 2024-01-27 09:42:23,328 basehttp 6592 16352 "GET /static/admin/js/core.js HTTP/1.1" 200 6208
INFO 2024-01-27 09:42:23,331 basehttp 6592 16352 "GET /static/admin/js/admin/RelatedObjectLookups.js HTTP/1.1" 200 9042
INFO 2024-01-27 09:42:23,333 basehttp 6592 16352 "GET /static/admin/js/actions.js HTTP/1.1" 200 8067
INFO 2024-01-27 09:42:23,336 basehttp 6592 16352 "GET /static/admin/js/urlify.js HTTP/1.1" 200 7887
INFO 2024-01-27 09:42:23,339 basehttp 6592 16352 "GET /static/admin/js/prepopulate.js HTTP/1.1" 200 1531
INFO 2024-01-27 09:42:23,344 basehttp 6592 16352 "GET /static/admin/js/vendor/xregexp/xregexp.js HTTP/1.1" 200 325171
INFO 2024-01-27 09:42:23,375 basehttp 6592 27748 "GET /static/admin/css/changelists.css HTTP/1.1" 200 6811
INFO 2024-01-27 09:42:23,443 basehttp 6592 32408 "GET /static/admin/css/base.css HTTP/1.1" 200 21544
INFO 2024-01-27 09:42:23,455 basehttp 6592 23412 "GET /static/admin/css/dark_mode.css HTTP/1.1" 200 2682
INFO 2024-01-27 09:42:23,500 basehttp 6592 21716 "GET /static/admin/css/responsive.css HTTP/1.1" 200 17905
INFO 2024-01-27 09:42:23,504 basehttp 6592 21716 "GET /static/admin/js/theme.js HTTP/1.1" 200 1943
INFO 2024-01-27 09:42:23,508 basehttp 6592 21716 "GET /static/admin/js/nav_sidebar.js HTTP/1.1" 200 3063
INFO 2024-01-27 09:42:23,512 basehttp 6592 21716 "GET /static/admin/js/filters.js HTTP/1.1" 200 978
INFO 2024-01-27 09:42:23,540 basehttp 6592 13532 "GET /static/admin/js/vendor/jquery/jquery.js HTTP/1.1" 200 285314
INFO 2024-01-27 09:42:23,585 basehttp 6592 13532 "GET /static/admin/img/icon-addlink.svg HTTP/1.1" 200 331
INFO 2024-01-27 09:42:23,585 basehttp 6592 21716 "GET /static/admin/img/tooltag-add.svg HTTP/1.1" 200 331
INFO 2024-01-27 09:42:23,585 basehttp 6592 23412 "GET /static/admin/img/sorting-icons.svg HTTP/1.1" 200 1097
INFO 2024-01-27 09:42:23,594 basehttp 6592 32408 "GET /static/admin/img/icon-viewlink.svg HTTP/1.1" 200 581
WARNING 2024-01-27 09:42:23,653 log 6592 32408 Not Found: /favicon.ico
WARNING 2024-01-27 09:42:23,654 basehttp 6592 32408 "GET /favicon.ico HTTP/1.1" 404 3248
INFO 2024-01-27 09:42:50,459 autoreload 6592 12704 C:\Users\vfyod\Desktop\gbr\django\homework\hw5\admin.py changed, reloading.
INFO 2024-01-27 09:42:51,103 autoreload 29324 24260 Watching for file changes with StatReloader
INFO 2024-01-27 09:42:53,844 autoreload 29324 24260 C:\Users\vfyod\Desktop\gbr\django\homework\hw5\admin.py changed, reloading.
INFO 2024-01-27 09:42:54,511 autoreload 14160 9984 Watching for file changes with StatReloader
INFO 2024-01-27 09:42:55,150 basehttp 14160 34272 "GET /admin/hw5/product/ HTTP/1.1" 200 21111
INFO 2024-01-27 09:42:55,186 basehttp 14160 34272 "GET /admin/jsi18n/ HTTP/1.1" 200 17546
INFO 2024-01-27 09:42:56,663 basehttp 14160 34272 "GET /admin/hw5/product/?o=1 HTTP/1.1" 200 22263
INFO 2024-01-27 09:42:56,694 basehttp 14160 34272 "GET /admin/jsi18n/ HTTP/1.1" 200 17546
INFO 2024-01-27 09:42:57,224 basehttp 14160 34272 "GET /admin/hw5/product/?o=-1 HTTP/1.1" 200 22325
INFO 2024-01-27 09:42:57,249 basehttp 14160 34272 "GET /admin/jsi18n/ HTTP/1.1" 200 17546
INFO 2024-01-27 09:42:57,853 basehttp 14160 34272 "GET /admin/hw5/product/?o= HTTP/1.1" 200 21899
INFO 2024-01-27 09:42:57,881 basehttp 14160 34272 "GET /admin/jsi18n/ HTTP/1.1" 200 17546
INFO 2024-01-27 09:43:09,905 autoreload 14160 9984 C:\Users\vfyod\Desktop\gbr\django\homework\hw5\admin.py changed, reloading.
INFO 2024-01-27 09:43:10,597 autoreload 32020 22340 Watching for file changes with StatReloader
INFO 2024-01-27 09:43:11,013 basehttp 32020 30844 "GET /admin/hw5/product/?o= HTTP/1.1" 200 21899
INFO 2024-01-27 09:43:11,045 basehttp 32020 30844 "GET /admin/jsi18n/ HTTP/1.1" 200 17546
INFO 2024-01-27 09:43:15,511 autoreload 32020 22340 C:\Users\vfyod\Desktop\gbr\django\homework\hw5\admin.py changed, reloading.
INFO 2024-01-27 09:43:16,208 autoreload 14172 33972 Watching for file changes with StatReloader
INFO 2024-01-27 09:43:17,423 basehttp 14172 29164 "GET /admin/hw5/product/?o= HTTP/1.1" 200 21899
INFO 2024-01-27 09:43:17,451 basehttp 14172 29164 "GET /admin/jsi18n/ HTTP/1.1" 200 17546
INFO 2024-01-27 09:43:18,883 basehttp 14172 29164 "GET /admin/hw5/product/?o= HTTP/1.1" 200 21899
INFO 2024-01-27 09:43:18,906 basehttp 14172 29164 "GET /admin/jsi18n/ HTTP/1.1" 200 17546
INFO 2024-01-27 09:43:25,304 autoreload 14172 33972 C:\Users\vfyod\Desktop\gbr\django\homework\hw5\admin.py changed, reloading.
INFO 2024-01-27 09:43:25,962 autoreload 7144 16532 Watching for file changes with StatReloader
INFO 2024-01-27 09:43:27,800 basehttp 7144 25352 "GET /admin/hw5/product/?o= HTTP/1.1" 200 21899
INFO 2024-01-27 09:43:27,824 basehttp 7144 25352 "GET /admin/jsi18n/ HTTP/1.1" 200 17546
INFO 2024-01-27 09:43:34,251 autoreload 7144 16532 C:\Users\vfyod\Desktop\gbr\django\homework\hw5\admin.py changed, reloading.
INFO 2024-01-27 09:43:34,933 autoreload 24916 24180 Watching for file changes with StatReloader
INFO 2024-01-27 09:43:35,344 basehttp 24916 13888 "GET /admin/hw5/product/?o= HTTP/1.1" 200 21899
INFO 2024-01-27 09:43:35,369 basehttp 24916 13888 "GET /admin/jsi18n/ HTTP/1.1" 200 17546
INFO 2024-01-27 09:43:39,852 autoreload 24916 24180 C:\Users\vfyod\Desktop\gbr\django\homework\hw5\admin.py changed, reloading.
INFO 2024-01-27 09:43:40,513 autoreload 19352 32908 Watching for file changes with StatReloader
INFO 2024-01-27 09:43:40,749 basehttp 19352 28464 "GET /admin/hw5/product/?o= HTTP/1.1" 200 21899
INFO 2024-01-27 09:43:40,775 basehttp 19352 28464 "GET /admin/jsi18n/ HTTP/1.1" 200 17546
INFO 2024-01-27 09:43:44,402 autoreload 19352 32908 C:\Users\vfyod\Desktop\gbr\django\homework\hw5\admin.py changed, reloading.
INFO 2024-01-27 09:43:45,085 autoreload 12684 7336 Watching for file changes with StatReloader
INFO 2024-01-27 09:43:45,405 basehttp 12684 17416 "GET /admin/hw5/product/?o= HTTP/1.1" 200 21899
INFO 2024-01-27 09:43:45,430 basehttp 12684 17416 "GET /admin/jsi18n/ HTTP/1.1" 200 17546
INFO 2024-01-27 09:43:47,975 basehttp 12684 17416 "GET /admin/hw5/product/?o=1 HTTP/1.1" 200 22263
INFO 2024-01-27 09:43:48,006 basehttp 12684 17416 "GET /admin/jsi18n/ HTTP/1.1" 200 17546
INFO 2024-01-27 09:43:48,815 basehttp 12684 17416 "GET /admin/hw5/product/?o=-1 HTTP/1.1" 200 22325
INFO 2024-01-27 09:43:48,846 basehttp 12684 17416 "GET /admin/jsi18n/ HTTP/1.1" 200 17546
INFO 2024-01-27 09:43:49,891 basehttp 12684 17416 "GET /admin/hw5/product/?o=1 HTTP/1.1" 200 22263
INFO 2024-01-27 09:43:49,916 basehttp 12684 17416 "GET /admin/jsi18n/ HTTP/1.1" 200 17546
INFO 2024-01-27 09:43:50,439 basehttp 12684 17416 "GET /admin/hw5/product/?o=-1 HTTP/1.1" 200 22325
INFO 2024-01-27 09:43:50,464 basehttp 12684 17416 "GET /admin/jsi18n/ HTTP/1.1" 200 17546
INFO 2024-01-27 09:43:52,446 basehttp 12684 17416 "GET /admin/hw5/product/?o= HTTP/1.1" 200 21899
INFO 2024-01-27 09:43:52,471 basehttp 12684 17416 "GET /admin/jsi18n/ HTTP/1.1" 200 17546
INFO 2024-01-27 09:43:54,280 basehttp 12684 17416 "GET /admin/hw5/product/?o=1 HTTP/1.1" 200 22263
INFO 2024-01-27 09:43:54,308 basehttp 12684 17416 "GET /admin/jsi18n/ HTTP/1.1" 200 17546
INFO 2024-01-27 09:44:01,382 basehttp 12684 17416 "GET /admin/hw5/product/?o=-1 HTTP/1.1" 200 22325
INFO 2024-01-27 09:44:01,406 basehttp 12684 17416 "GET /admin/jsi18n/ HTTP/1.1" 200 17546
INFO 2024-01-27 09:44:03,015 basehttp 12684 17416 "GET /admin/hw5/product/?o= HTTP/1.1" 200 21899
INFO 2024-01-27 09:44:03,039 basehttp 12684 17416 "GET /admin/jsi18n/ HTTP/1.1" 200 17546
INFO 2024-01-27 09:44:06,977 autoreload 12684 7336 C:\Users\vfyod\Desktop\gbr\django\homework\hw5\admin.py changed, reloading.
INFO 2024-01-27 09:44:07,649 autoreload 28104 2336 Watching for file changes with StatReloader
INFO 2024-01-27 09:44:10,388 autoreload 28104 2336 C:\Users\vfyod\Desktop\gbr\django\homework\hw5\admin.py changed, reloading.
INFO 2024-01-27 09:44:11,013 autoreload 12712 27412 Watching for file changes with StatReloader
INFO 2024-01-27 09:44:13,721 autoreload 12712 27412 C:\Users\vfyod\Desktop\gbr\django\homework\hw5\admin.py changed, reloading.
INFO 2024-01-27 09:44:14,395 autoreload 24344 33340 Watching for file changes with StatReloader
INFO 2024-01-27 09:44:15,385 basehttp 24344 32980 "GET /admin/hw5/product/?o= HTTP/1.1" 200 22273
INFO 2024-01-27 09:44:15,413 basehttp 24344 3544 "GET /admin/jsi18n/ HTTP/1.1" 200 17546
INFO 2024-01-27 09:44:15,525 basehttp 24344 32980 "GET /static/admin/img/search.svg HTTP/1.1" 200 458
INFO 2024-01-27 09:44:35,019 autoreload 24344 33340 C:\Users\vfyod\Desktop\gbr\django\homework\hw5\admin.py changed, reloading.
INFO 2024-01-27 09:44:35,689 autoreload 29792 28644 Watching for file changes with StatReloader
INFO 2024-01-27 09:44:39,220 autoreload 29792 28644 C:\Users\vfyod\Desktop\gbr\django\homework\hw5\admin.py changed, reloading.
INFO 2024-01-27 09:44:39,857 autoreload 26640 5644 Watching for file changes with StatReloader
INFO 2024-01-27 09:44:42,339 autoreload 26640 5644 C:\Users\vfyod\Desktop\gbr\django\homework\hw5\admin.py changed, reloading.
INFO 2024-01-27 09:44:42,987 autoreload 464 18856 Watching for file changes with StatReloader
INFO 2024-01-27 09:44:44,656 autoreload 464 18856 C:\Users\vfyod\Desktop\gbr\django\homework\hw5\admin.py changed, reloading.
INFO 2024-01-27 09:44:45,316 autoreload 32444 17484 Watching for file changes with StatReloader
INFO 2024-01-27 09:44:46,984 autoreload 32444 17484 C:\Users\vfyod\Desktop\gbr\django\homework\hw5\admin.py changed, reloading.
INFO 2024-01-27 09:44:47,663 autoreload 18624 7600 Watching for file changes with StatReloader
INFO 2024-01-27 09:44:52,498 autoreload 18624 7600 C:\Users\vfyod\Desktop\gbr\django\homework\hw5\admin.py changed, reloading.
INFO 2024-01-27 09:44:53,170 autoreload 14716 28176 Watching for file changes with StatReloader
INFO 2024-01-27 09:44:55,878 autoreload 14716 28176 C:\Users\vfyod\Desktop\gbr\django\homework\hw5\admin.py changed, reloading.
INFO 2024-01-27 09:44:56,534 autoreload 18344 21848 Watching for file changes with StatReloader
INFO 2024-01-27 09:44:58,232 autoreload 18344 21848 C:\Users\vfyod\Desktop\gbr\django\homework\hw5\admin.py changed, reloading.
INFO 2024-01-27 09:44:58,920 autoreload 7572 7436 Watching for file changes with StatReloader
INFO 2024-01-27 09:45:00,936 basehttp 7572 3336 "GET /admin/hw5/product/?o= HTTP/1.1" 200 22412
INFO 2024-01-27 09:45:00,959 basehttp 7572 3336 "GET /admin/jsi18n/ HTTP/1.1" 200 17546
INFO 2024-01-27 09:45:29,370 autoreload 7572 7436 C:\Users\vfyod\Desktop\gbr\django\homework\hw5\admin.py changed, reloading.
INFO 2024-01-27 09:45:30,030 autoreload 32900 18992 Watching for file changes with StatReloader
INFO 2024-01-27 09:45:32,728 autoreload 32900 18992 C:\Users\vfyod\Desktop\gbr\django\homework\hw5\admin.py changed, reloading.
INFO 2024-01-27 09:45:33,416 autoreload 31884 19936 Watching for file changes with StatReloader
INFO 2024-01-27 09:45:36,979 autoreload 31884 19936 C:\Users\vfyod\Desktop\gbr\django\homework\hw5\admin.py changed, reloading.
INFO 2024-01-27 09:45:37,620 autoreload 26876 27492 Watching for file changes with StatReloader
INFO 2024-01-27 09:45:45,555 autoreload 26876 27492 C:\Users\vfyod\Desktop\gbr\django\homework\hw5\admin.py changed, reloading.
INFO 2024-01-27 09:45:46,215 autoreload 25760 8328 Watching for file changes with StatReloader
INFO 2024-01-27 09:45:49,799 basehttp 25760 9684 "GET /admin/hw5/product/?o= HTTP/1.1" 200 22412
INFO 2024-01-27 09:45:49,826 basehttp 25760 9684 "GET /admin/jsi18n/ HTTP/1.1" 200 17546
INFO 2024-01-27 09:46:10,279 basehttp 25760 9684 "GET /admin/auth/user/ HTTP/1.1" 200 13016
INFO 2024-01-27 09:46:10,306 basehttp 25760 9684 "GET /admin/jsi18n/ HTTP/1.1" 200 17546
INFO 2024-01-27 09:46:10,429 basehttp 25760 12044 "GET /static/admin/img/icon-yes.svg HTTP/1.1" 200 436
INFO 2024-01-27 09:46:10,761 basehttp 25760 12044 "GET /admin/auth/group/ HTTP/1.1" 200 8898
INFO 2024-01-27 09:46:10,785 basehttp 25760 12044 "GET /admin/jsi18n/ HTTP/1.1" 200 17546
INFO 2024-01-27 09:46:11,867 basehttp 25760 12044 "GET /admin/auth/user/ HTTP/1.1" 200 13016
INFO 2024-01-27 09:46:11,892 basehttp 25760 12044 "GET /admin/jsi18n/ HTTP/1.1" 200 17546
INFO 2024-01-27 09:46:13,085 basehttp 25760 12044 "GET /admin/auth/group/ HTTP/1.1" 200 8898
INFO 2024-01-27 09:46:13,114 basehttp 25760 12044 "GET /admin/jsi18n/ HTTP/1.1" 200 17546
INFO 2024-01-27 09:46:13,771 basehttp 25760 12044 "GET /admin/auth/group/add/ HTTP/1.1" 200 15419
INFO 2024-01-27 09:46:13,802 basehttp 25760 12044 "GET /admin/jsi18n/ HTTP/1.1" 200 17546
INFO 2024-01-27 09:46:13,820 basehttp 25760 9684 "GET /static/admin/js/SelectBox.js HTTP/1.1" 200 4530
INFO 2024-01-27 09:46:13,821 basehttp 25760 21380 "GET /static/admin/js/SelectFilter2.js HTTP/1.1" 200 15492
INFO 2024-01-27 09:46:13,935 basehttp 25760 12044 "GET /static/admin/img/icon-unknown-alt.svg HTTP/1.1" 200 655
INFO 2024-01-27 09:46:13,935 basehttp 25760 21380 "GET /static/admin/img/icon-unknown.svg HTTP/1.1" 200 655
INFO 2024-01-27 09:46:13,936 basehttp 25760 9684 "GET /static/admin/img/selector-icons.svg HTTP/1.1" 200 3291
INFO 2024-01-27 09:47:59,012 basehttp 25760 9684 "POST /admin/auth/group/add/ HTTP/1.1" 302 0
INFO 2024-01-27 09:47:59,036 basehttp 25760 9684 "GET /admin/auth/group/add/ HTTP/1.1" 200 15705
INFO 2024-01-27 09:47:59,063 basehttp 25760 9684 "GET /admin/jsi18n/ HTTP/1.1" 200 17546
INFO 2024-01-27 09:48:42,535 basehttp 25760 9684 "POST /admin/auth/group/add/ HTTP/1.1" 302 0
INFO 2024-01-27 09:48:42,558 basehttp 25760 9684 "GET /admin/auth/group/add/ HTTP/1.1" 200 15709
INFO 2024-01-27 09:48:42,592 basehttp 25760 9684 "GET /admin/jsi18n/ HTTP/1.1" 200 17546
INFO 2024-01-27 09:48:44,219 basehttp 25760 9684 "GET /admin/auth/user/ HTTP/1.1" 200 13383
INFO 2024-01-27 09:48:44,245 basehttp 25760 9684 "GET /admin/jsi18n/ HTTP/1.1" 200 17546
INFO 2024-01-27 09:48:44,705 basehttp 25760 9684 "GET /admin/auth/group/ HTTP/1.1" 200 10738
INFO 2024-01-27 09:48:44,730 basehttp 25760 9684 "GET /admin/jsi18n/ HTTP/1.1" 200 17546
INFO 2024-01-27 09:48:50,702 basehttp 25760 9684 "GET /admin/hw5/product/ HTTP/1.1" 200 21579
INFO 2024-01-27 09:48:50,727 basehttp 25760 9684 "GET /admin/jsi18n/ HTTP/1.1" 200 17546
INFO 2024-01-27 09:48:54,939 basehttp 25760 9684 "GET /admin/hw5/product/ HTTP/1.1" 200 21579
INFO 2024-01-27 09:48:54,971 basehttp 25760 21380 "GET /static/admin/css/dark_mode.css HTTP/1.1" 200 2682
INFO 2024-01-27 09:48:54,971 basehttp 25760 13220 "GET /static/admin/css/changelists.css HTTP/1.1" 200 6811
INFO 2024-01-27 09:48:54,972 basehttp 25760 12044 "GET /static/admin/css/nav_sidebar.css HTTP/1.1" 200 2810
INFO 2024-01-27 09:48:54,973 basehttp 25760 9684 "GET /static/admin/css/base.css HTTP/1.1" 200 21544
INFO 2024-01-27 09:48:54,979 basehttp 25760 23680 "GET /static/admin/css/responsive.css HTTP/1.1" 200 17905
INFO 2024-01-27 09:48:54,981 basehttp 25760 12044 "GET /static/admin/js/core.js HTTP/1.1" 200 6208
INFO 2024-01-27 09:48:54,982 basehttp 25760 9684 "GET /static/admin/js/jquery.init.js HTTP/1.1" 200 347
INFO 2024-01-27 09:48:54,985 basehttp 25760 20400 "GET /admin/jsi18n/ HTTP/1.1" 200 17546
INFO 2024-01-27 09:48:54,988 basehttp 25760 13220 "GET /static/admin/js/admin/RelatedObjectLookups.js HTTP/1.1" 200 9042
INFO 2024-01-27 09:48:54,991 basehttp 25760 9684 "GET /static/admin/js/prepopulate.js HTTP/1.1" 200 1531
INFO 2024-01-27 09:48:54,991 basehttp 25760 23680 "GET /static/admin/js/actions.js HTTP/1.1" 200 8067
INFO 2024-01-27 09:48:54,992 basehttp 25760 12044 "GET /static/admin/js/urlify.js HTTP/1.1" 200 7887
INFO 2024-01-27 09:48:54,995 basehttp 25760 21380 "GET /static/admin/js/vendor/jquery/jquery.js HTTP/1.1" 200 285314
INFO 2024-01-27 09:48:55,001 basehttp 25760 21380 "GET /static/admin/img/search.svg HTTP/1.1" 200 458
INFO 2024-01-27 09:48:55,004 basehttp 25760 13220 "GET /static/admin/js/vendor/xregexp/xregexp.js HTTP/1.1" 200 325171
INFO 2024-01-27 09:48:55,028 basehttp 25760 21380 "GET /static/admin/js/theme.js HTTP/1.1" 200 1943
INFO 2024-01-27 09:48:55,033 basehttp 25760 21380 "GET /static/admin/js/nav_sidebar.js HTTP/1.1" 200 3063
INFO 2024-01-27 09:48:55,037 basehttp 25760 21380 "GET /static/admin/js/filters.js HTTP/1.1" 200 978
INFO 2024-01-27 09:48:55,042 basehttp 25760 21380 "GET /static/admin/img/icon-addlink.svg HTTP/1.1" 200 331
INFO 2024-01-27 09:48:55,043 basehttp 25760 13220 "GET /static/admin/img/tooltag-add.svg HTTP/1.1" 200 331
INFO 2024-01-27 09:48:55,044 basehttp 25760 12044 "GET /static/admin/img/icon-viewlink.svg HTTP/1.1" 200 581
WARNING 2024-01-27 09:48:55,095 log 25760 12044 Not Found: /favicon.ico
WARNING 2024-01-27 09:48:55,095 basehttp 25760 12044 "GET /favicon.ico HTTP/1.1" 404 3248
INFO 2024-01-27 09:48:57,876 basehttp 25760 12044 "GET /admin/auth/user/ HTTP/1.1" 200 13383
INFO 2024-01-27 09:48:57,899 basehttp 25760 12044 "GET /admin/jsi18n/ HTTP/1.1" 200 17546
INFO 2024-01-27 09:48:58,890 basehttp 25760 12044 "GET /admin/auth/group/ HTTP/1.1" 200 10738
INFO 2024-01-27 09:48:58,915 basehttp 25760 12044 "GET /admin/jsi18n/ HTTP/1.1" 200 17546
INFO 2024-01-27 09:48:59,894 basehttp 25760 12044 "GET /admin/auth/group/1/change/ HTTP/1.1" 200 15764
INFO 2024-01-27 09:48:59,992 basehttp 25760 12044 "GET /admin/jsi18n/ HTTP/1.1" 200 17546
INFO 2024-01-27 09:49:05,858 basehttp 25760 12044 "GET /admin/auth/group/1/history/ HTTP/1.1" 200 7836
INFO 2024-01-27 09:49:09,308 basehttp 25760 12044 "GET /admin/hw5/product/ HTTP/1.1" 200 21579
INFO 2024-01-27 09:49:09,332 basehttp 25760 12044 "GET /admin/jsi18n/ HTTP/1.1" 200 17546
INFO 2024-01-27 09:49:10,839 basehttp 25760 12044 "GET /admin/hw5/order/ HTTP/1.1" 200 55938
INFO 2024-01-27 09:49:10,866 basehttp 25760 12044 "GET /admin/jsi18n/ HTTP/1.1" 200 17546
INFO 2024-01-27 09:49:12,475 basehttp 25760 12044 "GET /admin/hw5/order/80/change/ HTTP/1.1" 200 15981
INFO 2024-01-27 09:49:12,499 basehttp 25760 12044 "GET /admin/jsi18n/ HTTP/1.1" 200 17546
INFO 2024-01-27 09:49:26,070 basehttp 25760 12044 "GET /admin/hw5/client/ HTTP/1.1" 200 14625
INFO 2024-01-27 09:49:26,098 basehttp 25760 12044 "GET /admin/jsi18n/ HTTP/1.1" 200 17546
INFO 2024-01-27 09:49:27,861 basehttp 25760 12044 "GET /admin/hw5/product/ HTTP/1.1" 200 21579
INFO 2024-01-27 09:49:27,885 basehttp 25760 12044 "GET /admin/jsi18n/ HTTP/1.1" 200 17546
INFO 2024-01-27 09:49:30,972 basehttp 25760 12044 "GET /admin/hw5/product/ HTTP/1.1" 200 21579
INFO 2024-01-27 09:49:30,998 basehttp 25760 12044 "GET /admin/jsi18n/ HTTP/1.1" 200 17546
INFO 2024-01-27 09:49:31,809 basehttp 25760 12044 "GET /admin/hw5/order/ HTTP/1.1" 200 55938
INFO 2024-01-27 09:49:31,835 basehttp 25760 12044 "GET /admin/jsi18n/ HTTP/1.1" 200 17546
INFO 2024-01-27 09:49:32,149 basehttp 25760 12044 "GET /admin/hw5/product/ HTTP/1.1" 200 21579
INFO 2024-01-27 09:49:32,173 basehttp 25760 12044 "GET /admin/jsi18n/ HTTP/1.1" 200 17546
INFO 2024-01-27 09:49:33,134 basehttp 25760 12044 "GET /admin/hw5/product/19/change/ HTTP/1.1" 200 12235
INFO 2024-01-27 09:49:33,159 basehttp 25760 12044 "GET /admin/jsi18n/ HTTP/1.1" 200 17546
INFO 2024-01-27 09:49:39,077 basehttp 25760 12044 "GET /admin/hw5/product/ HTTP/1.1" 200 21579
INFO 2024-01-27 09:49:39,102 basehttp 25760 12044 "GET /admin/jsi18n/ HTTP/1.1" 200 17546
INFO 2024-01-27 09:51:56,911 basehttp 25760 12044 "GET /admin/auth/user/ HTTP/1.1" 200 13383
INFO 2024-01-27 09:51:56,939 basehttp 25760 12044 "GET /admin/jsi18n/ HTTP/1.1" 200 17546
INFO 2024-01-27 09:52:07,227 basehttp 25760 12044 "GET /admin/auth/user/add/ HTTP/1.1" 200 12353
INFO 2024-01-27 09:52:07,257 basehttp 25760 12044 "GET /admin/jsi18n/ HTTP/1.1" 200 17546
INFO 2024-01-27 09:52:18,669 basehttp 25760 12044 "POST /admin/auth/user/add/ HTTP/1.1" 200 12624
INFO 2024-01-27 09:52:18,695 basehttp 25760 12044 "GET /admin/jsi18n/ HTTP/1.1" 200 17546
INFO 2024-01-27 09:52:29,036 basehttp 25760 12044 "POST /admin/auth/user/add/ HTTP/1.1" 200 12624
INFO 2024-01-27 09:52:29,061 basehttp 25760 12044 "GET /admin/jsi18n/ HTTP/1.1" 200 17546
INFO 2024-01-27 09:52:39,198 basehttp 25760 12044 "POST /admin/auth/user/add/ HTTP/1.1" 302 0
INFO 2024-01-27 09:52:39,214 basehttp 25760 12044 "GET /admin/auth/user/add/ HTTP/1.1" 200 12660
INFO 2024-01-27 09:52:39,241 basehttp 25760 12044 "GET /admin/jsi18n/ HTTP/1.1" 200 17546
INFO 2024-01-27 09:52:41,629 basehttp 25760 12044 "POST /admin/logout/ HTTP/1.1" 200 3814
INFO 2024-01-27 09:52:43,228 basehttp 25760 12044 "GET /admin/ HTTP/1.1" 302 0
INFO 2024-01-27 09:52:43,239 basehttp 25760 12044 "GET /admin/login/?next=/admin/ HTTP/1.1" 200 4356
INFO 2024-01-27 09:52:51,726 basehttp 25760 12044 "POST /admin/login/?next=/admin/ HTTP/1.1" 200 4621
INFO 2024-01-27 09:52:58,645 basehttp 25760 12044 "POST /admin/login/?next=/admin/ HTTP/1.1" 302 0
INFO 2024-01-27 09:52:58,662 basehttp 25760 12044 "GET /admin/ HTTP/1.1" 200 8575
INFO 2024-01-27 09:53:00,222 basehttp 25760 12044 "GET /admin/auth/user/ HTTP/1.1" 200 13880
INFO 2024-01-27 09:53:00,251 basehttp 25760 12044 "GET /admin/jsi18n/ HTTP/1.1" 200 17546
INFO 2024-01-27 09:53:00,311 basehttp 25760 12044 "GET /static/admin/img/icon-no.svg HTTP/1.1" 200 560
INFO 2024-01-27 09:53:01,386 basehttp 25760 12044 "GET /admin/auth/user/2/change/ HTTP/1.1" 200 26056
INFO 2024-01-27 09:53:01,426 basehttp 25760 13220 "GET /admin/jsi18n/ HTTP/1.1" 200 17546
INFO 2024-01-27 09:53:01,443 basehttp 25760 12044 "GET /static/admin/js/calendar.js HTTP/1.1" 200 9141
INFO 2024-01-27 09:53:01,443 basehttp 25760 21380 "GET /static/admin/js/admin/DateTimeShortcuts.js HTTP/1.1" 200 19319
INFO 2024-01-27 09:53:01,564 basehttp 25760 12044 "GET /static/admin/img/icon-clock.svg HTTP/1.1" 200 677
INFO 2024-01-27 09:53:01,565 basehttp 25760 21380 "GET /static/admin/img/icon-calendar.svg HTTP/1.1" 200 1086
INFO 2024-01-27 09:53:24,466 basehttp 25760 21380 "GET /admin/auth/user/2/history/ HTTP/1.1" 200 7840
INFO 2024-01-27 09:53:26,908 basehttp 25760 21380 "GET /admin/auth/user/2/change/ HTTP/1.1" 200 26056
INFO 2024-01-27 09:53:30,601 basehttp 25760 21380 "POST /admin/logout/ HTTP/1.1" 200 3814
INFO 2024-01-27 09:53:31,751 basehttp 25760 21380 "GET /admin/ HTTP/1.1" 302 0
INFO 2024-01-27 09:53:31,758 basehttp 25760 21380 "GET /admin/login/?next=/admin/ HTTP/1.1" 200 4356
INFO 2024-01-27 09:53:33,971 basehttp 25760 21380 "POST /admin/login/?next=/admin/ HTTP/1.1" 200 4621
INFO 2024-01-27 09:53:38,171 basehttp 25760 21380 "POST /admin/login/?next=/admin/ HTTP/1.1" 200 4621
INFO 2024-01-27 09:53:42,831 basehttp 25760 21380 "POST /admin/login/?next=/admin/ HTTP/1.1" 200 4621
INFO 2024-01-27 09:53:49,468 basehttp 25760 21380 "POST /admin/login/?next=/admin/ HTTP/1.1" 200 4621
INFO 2024-01-27 09:53:53,902 basehttp 25760 21380 "POST /admin/login/?next=/admin/ HTTP/1.1" 200 4621
INFO 2024-01-27 09:53:57,496 basehttp 25760 21380 "POST /admin/login/?next=/admin/ HTTP/1.1" 200 4621
INFO 2024-01-27 09:54:03,467 basehttp 25760 21380 "POST /admin/login/?next=/admin/ HTTP/1.1" 302 0
INFO 2024-01-27 09:54:03,482 basehttp 25760 21380 "GET /admin/ HTTP/1.1" 200 8575
INFO 2024-01-27 09:54:04,868 basehttp 25760 21380 "GET /admin/auth/user/ HTTP/1.1" 200 13880
INFO 2024-01-27 09:54:04,897 basehttp 25760 21380 "GET /admin/jsi18n/ HTTP/1.1" 200 17546
INFO 2024-01-27 09:54:06,175 basehttp 25760 21380 "GET /admin/auth/user/2/change/ HTTP/1.1" 200 26056
INFO 2024-01-27 09:54:06,208 basehttp 25760 21380 "GET /admin/jsi18n/ HTTP/1.1" 200 17546
INFO 2024-01-27 09:54:13,868 basehttp 25760 21380 "GET /admin/auth/user/2/password/ HTTP/1.1" 200 9088
INFO 2024-01-27 09:54:23,733 basehttp 25760 21380 "POST /admin/auth/user/2/password/ HTTP/1.1" 302 0
INFO 2024-01-27 09:54:23,771 basehttp 25760 21380 "GET /admin/auth/user/2/change/ HTTP/1.1" 200 26205
INFO 2024-01-27 09:54:23,802 basehttp 25760 21380 "GET /admin/jsi18n/ HTTP/1.1" 200 17546
INFO 2024-01-27 09:54:25,546 basehttp 25760 21380 "POST /admin/logout/ HTTP/1.1" 200 3814
INFO 2024-01-27 09:54:27,343 basehttp 25760 21380 "GET /admin/ HTTP/1.1" 302 0
INFO 2024-01-27 09:54:27,351 basehttp 25760 21380 "GET /admin/login/?next=/admin/ HTTP/1.1" 200 4356
INFO 2024-01-27 09:54:30,362 basehttp 25760 21380 "POST /admin/login/?next=/admin/ HTTP/1.1" 200 4621
INFO 2024-01-27 09:54:33,475 basehttp 25760 21380 "POST /admin/login/?next=/admin/ HTTP/1.1" 200 4621
INFO 2024-01-27 09:54:42,981 basehttp 25760 21380 "POST /admin/login/?next=/admin/ HTTP/1.1" 200 4621
INFO 2024-01-27 09:54:46,268 basehttp 25760 21380 "POST /admin/login/?next=/admin/ HTTP/1.1" 302 0
INFO 2024-01-27 09:54:46,284 basehttp 25760 21380 "GET /admin/ HTTP/1.1" 200 8944
INFO 2024-01-27 09:54:47,821 basehttp 25760 21380 "GET /admin/auth/user/ HTTP/1.1" 200 13880
INFO 2024-01-27 09:54:47,852 basehttp 25760 21380 "GET /admin/jsi18n/ HTTP/1.1" 200 17546
INFO 2024-01-27 09:54:49,273 basehttp 25760 21380 "GET /admin/auth/user/2/change/ HTTP/1.1" 200 26056
INFO 2024-01-27 09:54:49,304 basehttp 25760 21380 "GET /admin/jsi18n/ HTTP/1.1" 200 17546
INFO 2024-01-27 09:54:53,052 basehttp 25760 21380 "GET /admin/auth/user/ HTTP/1.1" 200 13880
INFO 2024-01-27 09:54:53,078 basehttp 25760 21380 "GET /admin/jsi18n/ HTTP/1.1" 200 17546
INFO 2024-01-27 09:54:54,421 basehttp 25760 21380 "GET /admin/auth/user/2/change/ HTTP/1.1" 200 26056
INFO 2024-01-27 09:54:54,448 basehttp 25760 21380 "GET /admin/jsi18n/ HTTP/1.1" 200 17546
INFO 2024-01-27 09:54:58,032 basehttp 25760 21380 "POST /admin/auth/user/2/change/ HTTP/1.1" 302 0
INFO 2024-01-27 09:54:58,055 basehttp 25760 21380 "GET /admin/auth/user/ HTTP/1.1" 200 14108
INFO 2024-01-27 09:54:58,086 basehttp 25760 21380 "GET /admin/jsi18n/ HTTP/1.1" 200 17546
INFO 2024-01-27 09:54:59,826 basehttp 25760 21380 "GET /admin/auth/user/2/change/ HTTP/1.1" 200 26068
INFO 2024-01-27 09:54:59,850 basehttp 25760 21380 "GET /admin/jsi18n/ HTTP/1.1" 200 17546
INFO 2024-01-27 09:55:10,536 basehttp 25760 21380 "GET /admin/auth/user/2/password/ HTTP/1.1" 200 9103
INFO 2024-01-27 09:55:15,447 basehttp 25760 21380 "POST /admin/auth/user/2/password/ HTTP/1.1" 302 0
INFO 2024-01-27 09:55:15,482 basehttp 25760 21380 "GET /admin/auth/user/2/change/ HTTP/1.1" 200 26217
INFO 2024-01-27 09:55:15,511 basehttp 25760 21380 "GET /admin/jsi18n/ HTTP/1.1" 200 17546
INFO 2024-01-27 09:55:17,242 basehttp 25760 21380 "POST /admin/auth/user/2/change/ HTTP/1.1" 302 0
INFO 2024-01-27 09:55:17,284 basehttp 25760 21380 "GET /admin/auth/user/ HTTP/1.1" 200 14108
INFO 2024-01-27 09:55:17,311 basehttp 25760 21380 "GET /admin/jsi18n/ HTTP/1.1" 200 17546
INFO 2024-01-27 09:55:18,675 basehttp 25760 21380 "POST /admin/logout/ HTTP/1.1" 200 3814
INFO 2024-01-27 09:55:19,999 basehttp 25760 21380 "GET /admin/ HTTP/1.1" 302 0
INFO 2024-01-27 09:55:20,007 basehttp 25760 21380 "GET /admin/login/?next=/admin/ HTTP/1.1" 200 4356
INFO 2024-01-27 09:55:23,124 basehttp 25760 21380 "POST /admin/login/?next=/admin/ HTTP/1.1" 200 4621
INFO 2024-01-27 09:55:26,910 basehttp 25760 21380 "POST /admin/login/?next=/admin/ HTTP/1.1" 200 4624
INFO 2024-01-27 09:55:28,926 basehttp 25760 21380 "POST /admin/login/?next=/admin/ HTTP/1.1" 302 0
INFO 2024-01-27 09:55:28,941 basehttp 25760 21380 "GET /admin/ HTTP/1.1" 200 10060
INFO 2024-01-27 09:55:30,380 basehttp 25760 21380 "GET /admin/auth/user/ HTTP/1.1" 200 13886
INFO 2024-01-27 09:55:30,405 basehttp 25760 21380 "GET /admin/jsi18n/ HTTP/1.1" 200 17546
INFO 2024-01-27 09:55:32,303 basehttp 25760 21380 "GET /admin/auth/user/2/change/ HTTP/1.1" 200 26068
INFO 2024-01-27 09:55:32,331 basehttp 25760 21380 "GET /admin/jsi18n/ HTTP/1.1" 200 17546
INFO 2024-01-27 09:55:40,025 basehttp 25760 21380 "POST /admin/auth/user/2/change/ HTTP/1.1" 302 0
INFO 2024-01-27 09:55:40,044 basehttp 25760 21380 "GET /admin/auth/user/ HTTP/1.1" 200 14108
INFO 2024-01-27 09:55:40,073 basehttp 25760 21380 "GET /admin/jsi18n/ HTTP/1.1" 200 17546
INFO 2024-01-27 09:55:42,098 basehttp 25760 21380 "POST /admin/logout/ HTTP/1.1" 200 3814
INFO 2024-01-27 09:55:43,262 basehttp 25760 21380 "GET /admin/ HTTP/1.1" 302 0
INFO 2024-01-27 09:55:43,272 basehttp 25760 21380 "GET /admin/login/?next=/admin/ HTTP/1.1" 200 4356
INFO 2024-01-27 09:55:46,118 basehttp 25760 21380 "POST /admin/login/?next=/admin/ HTTP/1.1" 302 0
INFO 2024-01-27 09:55:46,130 basehttp 25760 21380 "GET /admin/ HTTP/1.1" 200 4888
INFO 2024-01-27 09:55:54,973 basehttp 25760 21380 "GET /admin/ HTTP/1.1" 200 4888
INFO 2024-01-27 09:55:55,621 basehttp 25760 21380 "GET /admin/ HTTP/1.1" 200 4888
INFO 2024-01-27 09:55:57,036 basehttp 25760 21380 "POST /admin/logout/ HTTP/1.1" 200 3814
INFO 2024-01-27 09:55:58,080 basehttp 25760 21380 "GET /admin/ HTTP/1.1" 302 0
INFO 2024-01-27 09:55:58,089 basehttp 25760 21380 "GET /admin/login/?next=/admin/ HTTP/1.1" 200 4356
INFO 2024-01-27 09:55:59,910 basehttp 25760 21380 "POST /admin/login/?next=/admin/ HTTP/1.1" 302 0
INFO 2024-01-27 09:55:59,925 basehttp 25760 21380 "GET /admin/ HTTP/1.1" 200 10432
INFO 2024-01-27 09:56:01,205 basehttp 25760 21380 "GET /admin/auth/user/ HTTP/1.1" 200 13886
INFO 2024-01-27 09:56:01,234 basehttp 25760 21380 "GET /admin/jsi18n/ HTTP/1.1" 200 17546
INFO 2024-01-27 09:56:03,287 basehttp 25760 21380 "GET /admin/auth/user/2/change/ HTTP/1.1" 200 26112
INFO 2024-01-27 09:56:03,316 basehttp 25760 21380 "GET /admin/jsi18n/ HTTP/1.1" 200 17546
INFO 2024-01-27 09:56:07,547 basehttp 25760 21380 "POST /admin/auth/user/2/change/ HTTP/1.1" 302 0
INFO 2024-01-27 09:56:07,566 basehttp 25760 21380 "GET /admin/auth/user/ HTTP/1.1" 200 14108
INFO 2024-01-27 09:56:07,594 basehttp 25760 21380 "GET /admin/jsi18n/ HTTP/1.1" 200 17546
INFO 2024-01-27 09:56:08,898 basehttp 25760 21380 "POST /admin/logout/ HTTP/1.1" 200 3814
INFO 2024-01-27 09:56:10,183 basehttp 25760 21380 "GET /admin/ HTTP/1.1" 302 0
INFO 2024-01-27 09:56:10,191 basehttp 25760 21380 "GET /admin/login/?next=/admin/ HTTP/1.1" 200 4356
INFO 2024-01-27 09:56:12,726 basehttp 25760 21380 "POST /admin/login/?next=/admin/ HTTP/1.1" 302 0
INFO 2024-01-27 09:56:12,742 basehttp 25760 21380 "GET /admin/ HTTP/1.1" 200 6284
INFO 2024-01-27 09:56:14,445 basehttp 25760 21380 "GET /admin/hw5/product/ HTTP/1.1" 200 20666
INFO 2024-01-27 09:56:14,471 basehttp 25760 21380 "GET /admin/jsi18n/ HTTP/1.1" 200 17546
INFO 2024-01-27 09:56:17,272 basehttp 25760 21380 "GET /admin/hw5/order/ HTTP/1.1" 200 55025
INFO 2024-01-27 09:56:17,298 basehttp 25760 21380 "GET /admin/jsi18n/ HTTP/1.1" 200 17546
INFO 2024-01-27 09:56:18,742 basehttp 25760 21380 "GET /admin/hw5/client/ HTTP/1.1" 200 13712
INFO 2024-01-27 09:56:18,765 basehttp 25760 21380 "GET /admin/jsi18n/ HTTP/1.1" 200 17546
INFO 2024-01-27 09:56:19,550 basehttp 25760 21380 "GET /admin/hw5/product/ HTTP/1.1" 200 20666
INFO 2024-01-27 09:56:19,573 basehttp 25760 21380 "GET /admin/jsi18n/ HTTP/1.1" 200 17546
INFO 2024-01-27 09:56:23,411 basehttp 25760 21380 "POST /admin/logout/ HTTP/1.1" 200 3814
INFO 2024-01-27 09:56:24,495 basehttp 25760 21380 "GET /admin/ HTTP/1.1" 302 0
INFO 2024-01-27 09:56:24,503 basehttp 25760 21380 "GET /admin/login/?next=/admin/ HTTP/1.1" 200 4356
INFO 2024-01-27 09:56:27,173 basehttp 25760 21380 "POST /admin/login/?next=/admin/ HTTP/1.1" 302 0
INFO 2024-01-27 09:56:27,189 basehttp 25760 21380 "GET /admin/ HTTP/1.1" 200 6284
INFO 2024-01-27 09:56:28,151 basehttp 25760 21380 "GET /admin/hw5/product/ HTTP/1.1" 200 20666
INFO 2024-01-27 09:56:28,180 basehttp 25760 21380 "GET /admin/jsi18n/ HTTP/1.1" 200 17546
INFO 2024-01-27 09:56:36,200 basehttp 25760 21380 "GET /admin/hw5/product/ HTTP/1.1" 200 20666
INFO 2024-01-27 09:56:36,226 basehttp 25760 21380 "GET /admin/jsi18n/ HTTP/1.1" 200 17546
INFO 2024-01-27 09:56:56,242 autoreload 25760 8328 C:\Users\vfyod\Desktop\gbr\django\homework\hw5\admin.py changed, reloading.
INFO 2024-01-27 09:56:56,930 autoreload 26724 20180 Watching for file changes with StatReloader
INFO 2024-01-27 09:56:58,624 autoreload 26724 20180 C:\Users\vfyod\Desktop\gbr\django\homework\hw5\admin.py changed, reloading.
INFO 2024-01-27 09:56:59,357 autoreload 19860 32460 Watching for file changes with StatReloader
INFO 2024-01-27 09:57:00,787 basehttp 19860 20016 "GET /admin/hw5/product/ HTTP/1.1" 200 20759
INFO 2024-01-27 09:57:00,814 basehttp 19860 20016 "GET /admin/jsi18n/ HTTP/1.1" 200 17546
INFO 2024-01-27 09:57:07,476 basehttp 19860 20016 "GET /admin/hw5/product/?o=3 HTTP/1.1" 200 21957
INFO 2024-01-27 09:57:07,502 basehttp 19860 20016 "GET /admin/jsi18n/ HTTP/1.1" 200 17546
INFO 2024-01-27 09:57:08,370 basehttp 19860 20016 "GET /admin/hw5/product/?o=2.3 HTTP/1.1" 200 22561
INFO 2024-01-27 09:57:08,396 basehttp 19860 20016 "GET /admin/jsi18n/ HTTP/1.1" 200 17546
INFO 2024-01-27 09:57:09,177 basehttp 19860 20016 "GET /admin/hw5/product/?o=-3.2 HTTP/1.1" 200 22626
INFO 2024-01-27 09:57:09,202 basehttp 19860 20016 "GET /admin/jsi18n/ HTTP/1.1" 200 17546
INFO 2024-01-27 09:57:10,949 basehttp 19860 20016 "POST /admin/logout/ HTTP/1.1" 200 3814
INFO 2024-01-27 09:57:12,112 basehttp 19860 20016 "GET /admin/ HTTP/1.1" 302 0
INFO 2024-01-27 09:57:12,149 basehttp 19860 20016 "GET /admin/login/?next=/admin/ HTTP/1.1" 200 4356
INFO 2024-01-27 09:57:13,590 basehttp 19860 20016 "POST /admin/login/?next=/admin/ HTTP/1.1" 302 0
INFO 2024-01-27 09:57:13,623 basehttp 19860 20016 "GET /admin/ HTTP/1.1" 200 10804
INFO 2024-01-27 09:57:35,840 autoreload 19860 32460 C:\Users\vfyod\Desktop\gbr\django\homework\hw5\admin.py changed, reloading.
INFO 2024-01-27 09:57:36,521 autoreload 32136 15560 Watching for file changes with StatReloader
INFO 2024-01-27 09:57:58,237 autoreload 32136 15560 C:\Users\vfyod\Desktop\gbr\django\homework\hw5\admin.py changed, reloading.
INFO 2024-01-27 09:57:58,906 autoreload 21712 5176 Watching for file changes with StatReloader
INFO 2024-01-27 09:58:02,449 autoreload 21712 5176 C:\Users\vfyod\Desktop\gbr\django\homework\hw5\admin.py changed, reloading.
INFO 2024-01-27 09:58:03,076 autoreload 6604 2116 Watching for file changes with StatReloader
INFO 2024-01-27 09:58:09,762 autoreload 6604 2116 C:\Users\vfyod\Desktop\gbr\django\homework\hw5\admin.py changed, reloading.
INFO 2024-01-27 09:58:10,398 autoreload 24488 29288 Watching for file changes with StatReloader
INFO 2024-01-27 09:58:12,910 autoreload 24488 29288 C:\Users\vfyod\Desktop\gbr\django\homework\hw5\admin.py changed, reloading.
INFO 2024-01-27 09:58:13,539 autoreload 27308 24860 Watching for file changes with StatReloader
INFO 2024-01-27 09:58:18,132 autoreload 27308 24860 C:\Users\vfyod\Desktop\gbr\django\homework\hw5\admin.py changed, reloading.
INFO 2024-01-27 09:58:18,744 autoreload 25788 25332 Watching for file changes with StatReloader
INFO 2024-01-27 09:58:21,243 autoreload 25788 25332 C:\Users\vfyod\Desktop\gbr\django\homework\hw5\admin.py changed, reloading.
INFO 2024-01-27 09:58:21,900 autoreload 2788 32696 Watching for file changes with StatReloader
INFO 2024-01-27 09:58:30,889 autoreload 2788 32696 C:\Users\vfyod\Desktop\gbr\django\homework\hw5\admin.py changed, reloading.
INFO 2024-01-27 09:58:31,568 autoreload 7752 472 Watching for file changes with StatReloader
INFO 2024-01-27 09:58:34,218 autoreload 7752 472 C:\Users\vfyod\Desktop\gbr\django\homework\hw5\admin.py changed, reloading.
INFO 2024-01-27 09:58:34,848 autoreload 32068 28940 Watching for file changes with StatReloader
INFO 2024-01-27 09:58:43,819 autoreload 32068 28940 C:\Users\vfyod\Desktop\gbr\django\homework\hw5\admin.py changed, reloading.
INFO 2024-01-27 09:58:44,479 autoreload 15808 34268 Watching for file changes with StatReloader
INFO 2024-01-27 09:58:50,295 autoreload 15808 34268 C:\Users\vfyod\Desktop\gbr\django\homework\hw5\admin.py changed, reloading.
INFO 2024-01-27 09:58:50,938 autoreload 21896 21136 Watching for file changes with StatReloader
INFO 2024-01-27 09:58:54,683 autoreload 21896 21136 C:\Users\vfyod\Desktop\gbr\django\homework\hw5\admin.py changed, reloading.
INFO 2024-01-27 09:58:55,336 autoreload 21188 30308 Watching for file changes with StatReloader
INFO 2024-01-27 09:58:57,007 autoreload 21188 30308 C:\Users\vfyod\Desktop\gbr\django\homework\hw5\admin.py changed, reloading.
INFO 2024-01-27 09:58:57,652 autoreload 24164 9168 Watching for file changes with StatReloader
INFO 2024-01-27 09:59:03,491 autoreload 24164 9168 C:\Users\vfyod\Desktop\gbr\django\homework\hw5\admin.py changed, reloading.
INFO 2024-01-27 09:59:04,144 autoreload 22024 29148 Watching for file changes with StatReloader
INFO 2024-01-27 09:59:26,780 autoreload 22024 29148 C:\Users\vfyod\Desktop\gbr\django\homework\hw5\admin.py changed, reloading.
INFO 2024-01-27 09:59:27,441 autoreload 27388 20712 Watching for file changes with StatReloader
INFO 2024-01-27 09:59:30,151 autoreload 27388 20712 C:\Users\vfyod\Desktop\gbr\django\homework\hw5\admin.py changed, reloading.
INFO 2024-01-27 09:59:30,821 autoreload 4864 30296 Watching for file changes with StatReloader
INFO 2024-01-27 09:59:40,901 autoreload 4864 30296 C:\Users\vfyod\Desktop\gbr\django\homework\hw5\admin.py changed, reloading.
INFO 2024-01-27 09:59:41,557 autoreload 33876 22220 Watching for file changes with StatReloader
INFO 2024-01-27 09:59:44,307 autoreload 33876 22220 C:\Users\vfyod\Desktop\gbr\django\homework\hw5\admin.py changed, reloading.
INFO 2024-01-27 09:59:44,944 autoreload 5332 31952 Watching for file changes with StatReloader
INFO 2024-01-27 09:59:49,758 autoreload 5332 31952 C:\Users\vfyod\Desktop\gbr\django\homework\hw5\admin.py changed, reloading.
INFO 2024-01-27 09:59:50,422 autoreload 17520 31908 Watching for file changes with StatReloader
INFO 2024-01-27 09:59:52,080 autoreload 17520 31908 C:\Users\vfyod\Desktop\gbr\django\homework\hw5\admin.py changed, reloading.
INFO 2024-01-27 09:59:52,734 autoreload 25492 13912 Watching for file changes with StatReloader
INFO 2024-01-27 09:59:56,497 autoreload 25492 13912 C:\Users\vfyod\Desktop\gbr\django\homework\hw5\admin.py changed, reloading.
INFO 2024-01-27 09:59:57,147 autoreload 30204 20740 Watching for file changes with StatReloader
INFO 2024-01-27 09:59:58,797 autoreload 30204 20740 C:\Users\vfyod\Desktop\gbr\django\homework\hw5\admin.py changed, reloading.
INFO 2024-01-27 09:59:59,481 autoreload 24784 34148 Watching for file changes with StatReloader
INFO 2024-01-27 10:00:00,345 basehttp 24784 11828 "GET /admin/ HTTP/1.1" 200 10804
INFO 2024-01-27 10:00:01,380 basehttp 24784 11828 "GET /admin/hw5/product/ HTTP/1.1" 200 21672
INFO 2024-01-27 10:00:01,423 basehttp 24784 11828 "GET /admin/jsi18n/ HTTP/1.1" 200 17546
INFO 2024-01-27 10:00:02,416 basehttp 24784 11828 "GET /admin/hw5/product/20/change/ HTTP/1.1" 200 12556
INFO 2024-01-27 10:00:02,444 basehttp 24784 11828 "GET /admin/jsi18n/ HTTP/1.1" 200 17546
INFO 2024-01-27 10:00:02,567 basehttp 24784 13880 "GET /static/admin/js/collapse.js HTTP/1.1" 200 1803
INFO 2024-01-27 10:00:33,894 autoreload 24784 34148 C:\Users\vfyod\Desktop\gbr\django\homework\hw5\admin.py changed, reloading.
INFO 2024-01-27 10:00:34,584 autoreload 27676 3136 Watching for file changes with StatReloader
INFO 2024-01-27 10:00:34,846 basehttp 27676 31944 "GET /admin/hw5/product/20/change/ HTTP/1.1" 200 12661
INFO 2024-01-27 10:00:34,884 basehttp 27676 31944 "GET /admin/jsi18n/ HTTP/1.1" 200 17546
INFO 2024-01-27 10:01:48,051 autoreload 27676 3136 C:\Users\vfyod\Desktop\gbr\django\homework\hw5\admin.py changed, reloading.
INFO 2024-01-27 10:01:48,724 autoreload 23412 25340 Watching for file changes with StatReloader
INFO 2024-01-27 10:01:51,430 autoreload 23412 25340 C:\Users\vfyod\Desktop\gbr\django\homework\hw5\admin.py changed, reloading.
INFO 2024-01-27 10:01:52,070 autoreload 3788 18428 Watching for file changes with StatReloader
INFO 2024-01-27 10:01:55,836 autoreload 3788 18428 C:\Users\vfyod\Desktop\gbr\django\homework\hw5\admin.py changed, reloading.
INFO 2024-01-27 10:01:56,472 autoreload 20348 11180 Watching for file changes with StatReloader
INFO 2024-01-27 10:02:01,298 autoreload 20348 11180 C:\Users\vfyod\Desktop\gbr\django\homework\hw5\admin.py changed, reloading.
INFO 2024-01-27 10:02:01,946 autoreload 22380 32540 Watching for file changes with StatReloader
INFO 2024-01-27 10:02:05,049 basehttp 22380 32020 "GET /admin/hw5/product/20/change/ HTTP/1.1" 200 12533
INFO 2024-01-27 10:02:05,075 basehttp 22380 32020 "GET /admin/jsi18n/ HTTP/1.1" 200 17546
INFO 2024-01-27 10:02:17,542 basehttp 22380 32020 "GET /admin/hw5/product/ HTTP/1.1" 200 21672
INFO 2024-01-27 10:02:17,567 basehttp 22380 32020 "GET /admin/jsi18n/ HTTP/1.1" 200 17546
INFO 2024-01-27 10:02:25,570 basehttp 22380 32020 "GET /admin/hw5/product/?q=2 HTTP/1.1" 200 15026
INFO 2024-01-27 10:02:25,602 basehttp 22380 32020 "GET /admin/jsi18n/ HTTP/1.1" 200 17546
INFO 2024-01-27 10:02:32,148 basehttp 22380 32020 "GET /admin/hw5/product/ HTTP/1.1" 200 21672
INFO 2024-01-27 10:02:36,816 basehttp 22380 32020 "GET /admin/hw5/product/?title=product+6 HTTP/1.1" 200 14397
INFO 2024-01-27 10:02:36,841 basehttp 22380 32020 "GET /admin/jsi18n/ HTTP/1.1" 200 17546
INFO 2024-01-27 10:02:38,270 basehttp 22380 32020 "GET /admin/hw5/product/6/change/?_changelist_filters=title%3Dproduct%2B6 HTTP/1.1" 200 12656
INFO 2024-01-27 10:02:38,298 basehttp 22380 32020 "GET /admin/jsi18n/ HTTP/1.1" 200 17546
INFO 2024-01-27 10:02:41,838 basehttp 22380 32020 "GET /admin/hw5/order/ HTTP/1.1" 200 55938
INFO 2024-01-27 10:02:41,863 basehttp 22380 32020 "GET /admin/jsi18n/ HTTP/1.1" 200 17546
INFO 2024-01-27 10:02:43,369 basehttp 22380 32020 "GET /admin/hw5/client/ HTTP/1.1" 200 14625
INFO 2024-01-27 10:02:43,393 basehttp 22380 32020 "GET /admin/jsi18n/ HTTP/1.1" 200 17546
INFO 2024-01-27 10:02:43,957 basehttp 22380 32020 "GET /admin/hw5/order/ HTTP/1.1" 200 55938
INFO 2024-01-27 10:02:43,982 basehttp 22380 32020 "GET /admin/jsi18n/ HTTP/1.1" 200 17546
INFO 2024-01-27 10:02:53,513 autoreload 22380 32540 C:\Users\vfyod\Desktop\gbr\django\homework\hw5\admin.py changed, reloading.
INFO 2024-01-27 10:02:54,169 autoreload 9988 22816 Watching for file changes with StatReloader
INFO 2024-01-27 10:02:56,892 autoreload 9988 22816 C:\Users\vfyod\Desktop\gbr\django\homework\hw5\admin.py changed, reloading.
INFO 2024-01-27 10:02:57,570 autoreload 5116 7144 Watching for file changes with StatReloader
INFO 2024-01-27 10:03:21,399 autoreload 5116 7144 C:\Users\vfyod\Desktop\gbr\django\homework\hw5\admin.py changed, reloading.
INFO 2024-01-27 10:03:22,049 autoreload 11944 31516 Watching for file changes with StatReloader
INFO 2024-01-27 10:03:25,802 autoreload 11944 31516 C:\Users\vfyod\Desktop\gbr\django\homework\hw5\admin.py changed, reloading.
INFO 2024-01-27 10:03:26,474 autoreload 32908 16956 Watching for file changes with StatReloader
INFO 2024-01-27 10:03:30,300 autoreload 32908 16956 C:\Users\vfyod\Desktop\gbr\django\homework\hw5\admin.py changed, reloading.
INFO 2024-01-27 10:03:30,955 autoreload 32952 560 Watching for file changes with StatReloader
INFO 2024-01-27 10:03:32,640 autoreload 32952 560 C:\Users\vfyod\Desktop\gbr\django\homework\hw5\admin.py changed, reloading.
INFO 2024-01-27 10:03:33,286 autoreload 22028 18884 Watching for file changes with StatReloader
INFO 2024-01-27 10:03:38,120 autoreload 22028 18884 C:\Users\vfyod\Desktop\gbr\django\homework\hw5\admin.py changed, reloading.
INFO 2024-01-27 10:03:38,763 autoreload 12684 1904 Watching for file changes with StatReloader
INFO 2024-01-27 10:03:50,949 autoreload 12684 1904 C:\Users\vfyod\Desktop\gbr\django\homework\hw5\admin.py changed, reloading.
INFO 2024-01-27 10:03:51,622 autoreload 17444 12584 Watching for file changes with StatReloader
INFO 2024-01-27 10:03:53,315 autoreload 17444 12584 C:\Users\vfyod\Desktop\gbr\django\homework\hw5\admin.py changed, reloading.
INFO 2024-01-27 10:03:53,965 autoreload 8596 24344 Watching for file changes with StatReloader
INFO 2024-01-27 10:03:57,728 autoreload 8596 24344 C:\Users\vfyod\Desktop\gbr\django\homework\hw5\admin.py changed, reloading.
INFO 2024-01-27 10:03:58,430 autoreload 5644 908 Watching for file changes with StatReloader
INFO 2024-01-27 10:04:22,248 autoreload 5644 908 C:\Users\vfyod\Desktop\gbr\django\homework\hw5\admin.py changed, reloading.
INFO 2024-01-27 10:04:22,964 autoreload 168 30968 Watching for file changes with StatReloader
INFO 2024-01-27 10:04:24,624 autoreload 168 30968 C:\Users\vfyod\Desktop\gbr\django\homework\hw5\admin.py changed, reloading.
INFO 2024-01-27 10:04:25,293 autoreload 10352 12532 Watching for file changes with StatReloader
INFO 2024-01-27 10:04:28,031 autoreload 10352 12532 C:\Users\vfyod\Desktop\gbr\django\homework\hw5\admin.py changed, reloading.
INFO 2024-01-27 10:04:28,685 autoreload 12452 22552 Watching for file changes with StatReloader
INFO 2024-01-27 10:04:30,338 autoreload 12452 22552 C:\Users\vfyod\Desktop\gbr\django\homework\hw5\admin.py changed, reloading.
INFO 2024-01-27 10:04:31,042 autoreload 14716 32476 Watching for file changes with StatReloader
INFO 2024-01-27 10:04:33,513 autoreload 14716 32476 C:\Users\vfyod\Desktop\gbr\django\homework\hw5\admin.py changed, reloading.
INFO 2024-01-27 10:04:34,142 autoreload 21848 26028 Watching for file changes with StatReloader
INFO 2024-01-27 10:04:35,869 autoreload 21848 26028 C:\Users\vfyod\Desktop\gbr\django\homework\hw5\admin.py changed, reloading.
INFO 2024-01-27 10:04:36,588 autoreload 34456 16416 Watching for file changes with StatReloader
INFO 2024-01-27 10:04:41,393 autoreload 34456 16416 C:\Users\vfyod\Desktop\gbr\django\homework\hw5\admin.py changed, reloading.
INFO 2024-01-27 10:04:42,042 autoreload 29504 28360 Watching for file changes with StatReloader
INFO 2024-01-27 10:04:43,699 autoreload 29504 28360 C:\Users\vfyod\Desktop\gbr\django\homework\hw5\admin.py changed, reloading.
INFO 2024-01-27 10:04:44,364 autoreload 15612 19804 Watching for file changes with StatReloader
INFO 2024-01-27 10:04:45,779 autoreload 15612 19804 C:\Users\vfyod\Desktop\gbr\django\homework\hw5\admin.py changed, reloading.
INFO 2024-01-27 10:04:46,432 autoreload 1992 26740 Watching for file changes with StatReloader
INFO 2024-01-27 10:06:44,500 basehttp 2560 16068 "GET /admin/jsi18n/ HTTP/1.1" 200 17546
INFO 2024-01-27 10:06:53,945 basehttp 2560 16068 "GET /admin/hw5/client/10/change/ HTTP/1.1" 200 12604
INFO 2024-01-27 10:06:53,973 basehttp 2560 16068 "GET /admin/jsi18n/ HTTP/1.1" 200 17546
INFO 2024-01-27 10:07:08,289 basehttp 2560 16068 "GET /admin/hw5/product/ HTTP/1.1" 200 21672
INFO 2024-01-27 10:07:08,320 basehttp 2560 16068 "GET /admin/jsi18n/ HTTP/1.1" 200 17546
INFO 2024-01-27 10:07:09,176 basehttp 2560 16068 "GET /admin/hw5/product/20/change/ HTTP/1.1" 200 12533
INFO 2024-01-27 10:07:09,200 basehttp 2560 16068 "GET /admin/jsi18n/ HTTP/1.1" 200 17546
INFO 2024-01-27 10:07:14,826 basehttp 2560 16068 "GET /admin/hw5/client/ HTTP/1.1" 200 17841
INFO 2024-01-27 10:07:14,852 basehttp 2560 16068 "GET /admin/jsi18n/ HTTP/1.1" 200 17546
INFO 2024-01-27 10:07:16,038 basehttp 2560 16068 "GET /admin/hw5/client/10/change/ HTTP/1.1" 200 12604
INFO 2024-01-27 10:07:16,075 basehttp 2560 16068 "GET /admin/jsi18n/ HTTP/1.1" 200 17546
INFO 2024-01-27 10:07:28,433 autoreload 2560 5860 C:\Users\vfyod\Desktop\gbr\django\homework\hw5\admin.py changed, reloading.
INFO 2024-01-27 10:07:29,119 autoreload 15868 18904 Watching for file changes with StatReloader
INFO 2024-01-27 10:07:29,369 basehttp 15868 7416 "GET /admin/hw5/client/ HTTP/1.1" 200 17129
INFO 2024-01-27 10:07:29,397 basehttp 15868 7416 "GET /admin/jsi18n/ HTTP/1.1" 200 17546
INFO 2024-01-27 10:07:32,960 autoreload 15868 18904 C:\Users\vfyod\Desktop\gbr\django\homework\hw5\admin.py changed, reloading.
INFO 2024-01-27 10:07:33,667 autoreload 20112 12112 Watching for file changes with StatReloader
INFO 2024-01-27 10:07:34,750 basehttp 20112 17028 "GET /admin/hw5/client/ HTTP/1.1" 200 17841
INFO 2024-01-27 10:07:34,777 basehttp 20112 17028 "GET /admin/jsi18n/ HTTP/1.1" 200 17546
INFO 2024-01-27 10:07:37,761 basehttp 20112 17028 "GET /admin/hw5/client/10/change/ HTTP/1.1" 200 12604
INFO 2024-01-27 10:07:37,789 basehttp 20112 17028 "GET /admin/jsi18n/ HTTP/1.1" 200 17546
INFO 2024-01-27 10:07:50,127 autoreload 20112 12112 C:\Users\vfyod\Desktop\gbr\django\homework\hw5\admin.py changed, reloading.
INFO 2024-01-27 10:07:50,802 autoreload 33632 18080 Watching for file changes with StatReloader
INFO 2024-01-27 10:07:52,521 autoreload 33632 18080 C:\Users\vfyod\Desktop\gbr\django\homework\hw5\admin.py changed, reloading.
INFO 2024-01-27 10:07:53,185 autoreload 26412 6844 Watching for file changes with StatReloader
INFO 2024-01-27 10:07:53,426 basehttp 26412 13916 "GET /admin/hw5/client/10/change/ HTTP/1.1" 200 12608
INFO 2024-01-27 10:07:53,455 basehttp 26412 13916 "GET /admin/jsi18n/ HTTP/1.1" 200 17546
INFO 2024-01-27 10:08:01,247 autoreload 26412 6844 C:\Users\vfyod\Desktop\gbr\django\homework\hw5\admin.py changed, reloading.
INFO 2024-01-27 10:08:01,950 autoreload 8640 13468 Watching for file changes with StatReloader
INFO 2024-01-27 10:08:03,641 autoreload 8640 13468 C:\Users\vfyod\Desktop\gbr\django\homework\hw5\admin.py changed, reloading.
INFO 2024-01-27 10:08:04,316 autoreload 18604 28584 Watching for file changes with StatReloader
INFO 2024-01-27 10:08:06,008 autoreload 18604 28584 C:\Users\vfyod\Desktop\gbr\django\homework\hw5\admin.py changed, reloading.
INFO 2024-01-27 10:08:06,647 autoreload 1412 8032 Watching for file changes with StatReloader
INFO 2024-01-27 10:08:09,382 autoreload 1412 8032 C:\Users\vfyod\Desktop\gbr\django\homework\hw5\admin.py changed, reloading.
INFO 2024-01-27 10:08:10,009 autoreload 12220 33572 Watching for file changes with StatReloader
INFO 2024-01-27 10:08:13,489 basehttp 12220 21420 "GET /admin/hw5/client/10/change/ HTTP/1.1" 200 12608
INFO 2024-01-27 10:08:13,512 basehttp 12220 21420 "GET /admin/jsi18n/ HTTP/1.1" 200 17546
INFO 2024-01-27 10:08:35,037 basehttp 12220 21420 "GET /admin/auth/user/ HTTP/1.1" 200 13886
INFO 2024-01-27 10:08:35,062 basehttp 12220 21420 "GET /admin/jsi18n/ HTTP/1.1" 200 17546
INFO 2024-01-27 10:08:37,807 basehttp 12220 21420 "GET /admin/hw5/client/ HTTP/1.1" 200 17841
INFO 2024-01-27 10:08:37,831 basehttp 12220 21420 "GET /admin/jsi18n/ HTTP/1.1" 200 17546
INFO 2024-01-27 10:08:38,988 basehttp 12220 21420 "GET /admin/hw5/order/ HTTP/1.1" 200 55938
INFO 2024-01-27 10:08:39,033 basehttp 12220 21420 "GET /admin/jsi18n/ HTTP/1.1" 200 17546
INFO 2024-01-27 10:08:40,121 basehttp 12220 21420 "GET /admin/hw5/product/ HTTP/1.1" 200 21672
INFO 2024-01-27 10:08:40,149 basehttp 12220 21420 "GET /admin/jsi18n/ HTTP/1.1" 200 17546
INFO 2024-01-27 10:08:53,095 autoreload 12220 33572 C:\Users\vfyod\Desktop\gbr\django\homework\hw5\admin.py changed, reloading.
INFO 2024-01-27 10:08:53,774 autoreload 28600 28620 Watching for file changes with StatReloader
INFO 2024-01-27 10:08:57,547 autoreload 28600 28620 C:\Users\vfyod\Desktop\gbr\django\homework\hw5\admin.py changed, reloading.
INFO 2024-01-27 10:08:58,231 autoreload 31000 20224 Watching for file changes with StatReloader
INFO 2024-01-27 10:09:04,121 autoreload 31000 20224 C:\Users\vfyod\Desktop\gbr\django\homework\hw5\admin.py changed, reloading.
INFO 2024-01-27 10:09:04,812 autoreload 27796 30144 Watching for file changes with StatReloader
INFO 2024-01-27 10:09:07,601 autoreload 27796 30144 C:\Users\vfyod\Desktop\gbr\django\homework\hw5\admin.py changed, reloading.
INFO 2024-01-27 10:09:08,325 autoreload 24580 31704 Watching for file changes with StatReloader
INFO 2024-01-27 10:09:10,033 autoreload 24580 31704 C:\Users\vfyod\Desktop\gbr\django\homework\hw5\admin.py changed, reloading.
INFO 2024-01-27 10:09:10,750 autoreload 1268 32628 Watching for file changes with StatReloader
INFO 2024-01-27 10:09:12,443 autoreload 1268 32628 C:\Users\vfyod\Desktop\gbr\django\homework\hw5\admin.py changed, reloading.
INFO 2024-01-27 10:09:13,143 autoreload 18072 19644 Watching for file changes with StatReloader
INFO 2024-01-27 10:09:15,879 autoreload 18072 19644 C:\Users\vfyod\Desktop\gbr\django\homework\hw5\admin.py changed, reloading.
INFO 2024-01-27 10:09:16,527 autoreload 9200 22996 Watching for file changes with StatReloader
INFO 2024-01-27 10:09:23,461 autoreload 9200 22996 C:\Users\vfyod\Desktop\gbr\django\homework\hw5\admin.py changed, reloading.
INFO 2024-01-27 10:09:24,113 autoreload 4764 22504 Watching for file changes with StatReloader
INFO 2024-01-27 10:09:26,836 autoreload 4764 22504 C:\Users\vfyod\Desktop\gbr\django\homework\hw5\admin.py changed, reloading.
INFO 2024-01-27 10:09:27,490 autoreload 25760 26312 Watching for file changes with StatReloader
INFO 2024-01-27 10:09:29,160 autoreload 25760 26312 C:\Users\vfyod\Desktop\gbr\django\homework\hw5\admin.py changed, reloading.
INFO 2024-01-27 10:09:29,792 autoreload 32412 8124 Watching for file changes with StatReloader
INFO 2024-01-27 10:09:33,580 autoreload 32412 8124 C:\Users\vfyod\Desktop\gbr\django\homework\hw5\admin.py changed, reloading.
INFO 2024-01-27 10:09:34,243 autoreload 26724 12436 Watching for file changes with StatReloader
INFO 2024-01-27 10:09:38,025 autoreload 26724 12436 C:\Users\vfyod\Desktop\gbr\django\homework\hw5\admin.py changed, reloading.
INFO 2024-01-27 10:09:38,691 autoreload 13928 9704 Watching for file changes with StatReloader
INFO 2024-01-27 10:09:40,340 autoreload 13928 9704 C:\Users\vfyod\Desktop\gbr\django\homework\hw5\admin.py changed, reloading.
INFO 2024-01-27 10:09:40,996 autoreload 1968 32460 Watching for file changes with StatReloader
INFO 2024-01-27 10:09:42,648 autoreload 1968 32460 C:\Users\vfyod\Desktop\gbr\django\homework\hw5\admin.py changed, reloading.
INFO 2024-01-27 10:09:43,374 autoreload 12408 3424 Watching for file changes with StatReloader
INFO 2024-01-27 10:09:45,078 autoreload 12408 3424 C:\Users\vfyod\Desktop\gbr\django\homework\hw5\admin.py changed, reloading.
INFO 2024-01-27 10:09:45,732 autoreload 15312 20040 Watching for file changes with StatReloader
INFO 2024-01-27 10:09:51,605 autoreload 15312 20040 C:\Users\vfyod\Desktop\gbr\django\homework\hw5\admin.py changed, reloading.
INFO 2024-01-27 10:09:52,296 autoreload 13196 9604 Watching for file changes with StatReloader
INFO 2024-01-27 10:09:55,007 autoreload 13196 9604 C:\Users\vfyod\Desktop\gbr\django\homework\hw5\admin.py changed, reloading.
INFO 2024-01-27 10:09:55,658 autoreload 18224 15268 Watching for file changes with StatReloader
INFO 2024-01-27 10:10:00,499 autoreload 18224 15268 C:\Users\vfyod\Desktop\gbr\django\homework\hw5\admin.py changed, reloading.
INFO 2024-01-27 10:10:01,139 autoreload 17196 8844 Watching for file changes with StatReloader
INFO 2024-01-27 10:10:07,030 autoreload 17196 8844 C:\Users\vfyod\Desktop\gbr\django\homework\hw5\admin.py changed, reloading.
INFO 2024-01-27 10:10:07,672 autoreload 11248 33100 Watching for file changes with StatReloader
INFO 2024-01-27 10:10:12,505 autoreload 11248 33100 C:\Users\vfyod\Desktop\gbr\django\homework\hw5\admin.py changed, reloading.
INFO 2024-01-27 10:10:13,148 autoreload 11440 2788 Watching for file changes with StatReloader
INFO 2024-01-27 10:10:15,627 autoreload 11440 2788 C:\Users\vfyod\Desktop\gbr\django\homework\hw5\admin.py changed, reloading.
INFO 2024-01-27 10:10:16,317 autoreload 25376 30620 Watching for file changes with StatReloader
INFO 2024-01-27 10:10:19,040 autoreload 25376 30620 C:\Users\vfyod\Desktop\gbr\django\homework\hw5\admin.py changed, reloading.
INFO 2024-01-27 10:10:19,705 autoreload 31132 8232 Watching for file changes with StatReloader
INFO 2024-01-27 10:10:22,174 autoreload 31132 8232 C:\Users\vfyod\Desktop\gbr\django\homework\hw5\admin.py changed, reloading.
INFO 2024-01-27 10:10:22,825 autoreload 19164 21136 Watching for file changes with StatReloader
INFO 2024-01-27 10:10:27,676 autoreload 19164 21136 C:\Users\vfyod\Desktop\gbr\django\homework\hw5\admin.py changed, reloading.
INFO 2024-01-27 10:10:28,328 autoreload 18656 11504 Watching for file changes with StatReloader
INFO 2024-01-27 10:10:29,991 autoreload 18656 11504 C:\Users\vfyod\Desktop\gbr\django\homework\hw5\admin.py changed, reloading.
INFO 2024-01-27 10:10:30,644 autoreload 22300 21188 Watching for file changes with StatReloader
INFO 2024-01-27 10:10:33,364 autoreload 22300 21188 C:\Users\vfyod\Desktop\gbr\django\homework\hw5\admin.py changed, reloading.
INFO 2024-01-27 10:10:34,011 autoreload 24900 20668 Watching for file changes with StatReloader
INFO 2024-01-27 10:10:44,889 autoreload 24900 20668 C:\Users\vfyod\Desktop\gbr\django\homework\hw5\admin.py changed, reloading.
INFO 2024-01-27 10:10:45,533 autoreload 31692 20844 Watching for file changes with StatReloader
INFO 2024-01-27 10:10:53,516 autoreload 31692 20844 C:\Users\vfyod\Desktop\gbr\django\homework\hw5\admin.py changed, reloading.
INFO 2024-01-27 10:10:54,169 autoreload 28228 12640 Watching for file changes with StatReloader
INFO 2024-01-27 10:10:56,868 autoreload 28228 12640 C:\Users\vfyod\Desktop\gbr\django\homework\hw5\admin.py changed, reloading.
INFO 2024-01-27 10:10:57,523 autoreload 32996 4848 Watching for file changes with StatReloader
INFO 2024-01-27 10:11:10,807 autoreload 32996 4848 C:\Users\vfyod\Desktop\gbr\django\homework\hw5\admin.py changed, reloading.
INFO 2024-01-27 10:11:11,466 autoreload 30796 26548 Watching for file changes with StatReloader
INFO 2024-01-27 10:11:13,966 autoreload 30796 26548 C:\Users\vfyod\Desktop\gbr\django\homework\hw5\admin.py changed, reloading.
INFO 2024-01-27 10:11:14,601 autoreload 1436 1028 Watching for file changes with StatReloader
INFO 2024-01-27 10:11:16,045 autoreload 1436 1028 C:\Users\vfyod\Desktop\gbr\django\homework\hw5\admin.py changed, reloading.
INFO 2024-01-27 10:11:16,719 autoreload 30776 25916 Watching for file changes with StatReloader
INFO 2024-01-27 10:11:19,202 basehttp 30776 28244 "GET /admin/hw5/order/ HTTP/1.1" 200 55938
INFO 2024-01-27 10:11:19,238 basehttp 30776 28244 "GET /admin/jsi18n/ HTTP/1.1" 200 17546
INFO 2024-01-27 10:12:36,258 basehttp 8508 20568 "GET /admin/hw5/client/10/change/?_to_field=id HTTP/1.1" 200 12657
INFO 2024-01-27 10:12:36,284 basehttp 8508 20568 "GET /admin/jsi18n/ HTTP/1.1" 200 17546
INFO 2024-01-27 10:12:38,281 basehttp 8508 20568 "GET /admin/hw5/order/86/change/ HTTP/1.1" 200 16753
INFO 2024-01-27 10:14:28,785 basehttp 3768 8820 "POST /admin/hw5/product/19/change/ HTTP/1.1" 200 12727
INFO 2024-01-27 10:14:28,817 basehttp 3768 8820 "GET /admin/jsi18n/ HTTP/1.1" 200 17546
INFO 2024-01-27 10:14:34,160 basehttp 3768 8820 "POST /admin/hw5/product/19/change/ HTTP/1.1" 200 12727
INFO 2024-01-27 10:14:34,187 basehttp 3768 8820 "GET /admin/jsi18n/ HTTP/1.1" 200 17546
INFO 2024-01-27 10:14:34,894 basehttp 3768 8820 "POST /admin/hw5/product/19/change/ HTTP/1.1" 200 12727
INFO 2024-01-27 10:14:34,918 basehttp 3768 8820 "GET /admin/jsi18n/ HTTP/1.1" 200 17546
INFO 2024-01-27 10:14:43,662 basehttp 3768 8820 "POST /admin/hw5/product/19/change/ HTTP/1.1" 200 12737
INFO 2024-01-27 10:14:43,687 basehttp 3768 8820 "GET /admin/jsi18n/ HTTP/1.1" 200 17546
INFO 2024-01-27 10:14:46,670 basehttp 3768 8820 "POST /admin/hw5/product/19/change/ HTTP/1.1" 200 12739
INFO 2024-01-27 10:14:46,695 basehttp 3768 8820 "GET /admin/jsi18n/ HTTP/1.1" 200 17546
INFO 2024-01-27 10:14:48,383 basehttp 3768 8820 "POST /admin/hw5/product/19/change/ HTTP/1.1" 200 12739
INFO 2024-01-27 10:14:48,409 basehttp 3768 8820 "GET /admin/jsi18n/ HTTP/1.1" 200 17546
INFO 2024-01-27 10:14:50,297 basehttp 3768 8820 "GET /admin/auth/group/ HTTP/1.1" 200 10738
INFO 2024-01-27 10:14:50,321 basehttp 3768 8820 "GET /admin/jsi18n/ HTTP/1.1" 200 17546
INFO 2024-01-27 10:14:51,057 basehttp 3768 8820 "GET /admin/auth/user/ HTTP/1.1" 200 13886
INFO 2024-01-27 10:14:51,084 basehttp 3768 8820 "GET /admin/jsi18n/ HTTP/1.1" 200 17546